TN:
SF:/Users/lqez/Dev/summernote/src/js/base/Context.js
FN:1,(anonymous_1)
FN:1,(anonymous_2)
FN:7,(anonymous_3)
FN:12,Context
FN:24,(anonymous_5)
FN:33,(anonymous_6)
FN:41,(anonymous_7)
FN:50,(anonymous_8)
FN:54,(anonymous_9)
FN:59,(anonymous_10)
FN:62,(anonymous_11)
FN:66,(anonymous_12)
FN:69,(anonymous_13)
FN:72,(anonymous_14)
FN:78,(anonymous_15)
FN:95,(anonymous_16)
FN:98,(anonymous_17)
FN:103,(anonymous_18)
FN:112,(anonymous_19)
FN:121,(anonymous_20)
FN:136,(anonymous_21)
FN:145,(anonymous_22)
FN:157,(anonymous_23)
FN:163,(anonymous_24)
FN:172,(anonymous_25)
FN:174,(anonymous_26)
FN:179,(anonymous_27)
FN:181,(anonymous_28)
FN:187,(anonymous_29)
FNF:29
FNH:28
FNDA:1,(anonymous_1)
FNDA:1,(anonymous_2)
FNDA:1,(anonymous_3)
FNDA:71,Context
FNDA:96,(anonymous_5)
FNDA:1,(anonymous_6)
FNDA:1,(anonymous_7)
FNDA:97,(anonymous_8)
FNDA:0,(anonymous_9)
FNDA:2134,(anonymous_10)
FNDA:2134,(anonymous_11)
FNDA:2,(anonymous_12)
FNDA:44,(anonymous_13)
FNDA:182,(anonymous_14)
FNDA:8,(anonymous_15)
FNDA:145,(anonymous_16)
FNDA:1,(anonymous_17)
FNDA:3,(anonymous_18)
FNDA:205,(anonymous_19)
FNDA:2134,(anonymous_20)
FNDA:2134,(anonymous_21)
FNDA:44,(anonymous_22)
FNDA:14779,(anonymous_23)
FNDA:182,(anonymous_24)
FNDA:461,(anonymous_25)
FNDA:13,(anonymous_26)
FNDA:3211,(anonymous_27)
FNDA:14,(anonymous_28)
FNDA:1092,(anonymous_29)
DA:1,1
DA:2,1
DA:3,1
DA:4,1
DA:5,1
DA:6,1
DA:7,1
DA:12,2
DA:13,71
DA:14,71
DA:15,71
DA:16,71
DA:17,71
DA:18,71
DA:19,71
DA:24,1
DA:25,96
DA:26,96
DA:27,96
DA:28,96
DA:33,1
DA:34,1
DA:35,1
DA:36,1
DA:41,1
DA:42,1
DA:43,1
DA:44,1
DA:45,1
DA:46,1
DA:47,1
DA:50,1
DA:51,97
DA:53,97
DA:54,97
DA:55,0
DA:57,97
DA:59,97
DA:60,2134
DA:62,97
DA:63,2134
DA:66,1
DA:67,2
DA:69,2
DA:70,44
DA:72,2
DA:73,182
DA:76,2
DA:78,1
DA:79,8
DA:80,8
DA:81,2
DA:82,2
DA:85,6
DA:86,0
DA:89,6
DA:91,6
DA:92,6
DA:95,1
DA:96,145
DA:98,1
DA:99,1
DA:100,1
DA:101,1
DA:103,1
DA:105,3
DA:106,0
DA:108,3
DA:109,3
DA:110,3
DA:112,1
DA:113,205
DA:114,205
DA:115,205
DA:116,205
DA:117,0
DA:119,205
DA:121,1
DA:122,2134
DA:123,2134
DA:124,2134
DA:125,485
DA:128,1649
DA:129,1455
DA:132,1649
DA:133,485
DA:136,1
DA:137,2134
DA:138,0
DA:140,2134
DA:141,2134
DA:142,0
DA:145,1
DA:146,44
DA:147,44
DA:148,34
DA:149,10
DA:151,34
DA:152,30
DA:155,44
DA:157,1
DA:158,14779
DA:159,5950
DA:161,8829
DA:163,1
DA:164,182
DA:165,0
DA:167,182
DA:172,1
DA:173,461
DA:174,461
DA:175,13
DA:176,13
DA:179,1
DA:180,3211
DA:181,3211
DA:182,14
DA:183,14
DA:184,14
DA:187,1
DA:188,1092
DA:189,1092
DA:190,1092
DA:191,1092
DA:192,1092
DA:193,1092
DA:194,1092
DA:195,1092
DA:196,4
DA:198,1088
DA:199,1088
DA:202,1
DA:204,1
LF:133
LH:126
BRDA:46,1,0,1
BRDA:46,1,1,0
BRDA:57,2,0,97
BRDA:57,2,1,0
BRDA:80,3,0,2
BRDA:80,3,1,6
BRDA:82,4,0,0
BRDA:82,4,1,2
BRDA:85,5,0,0
BRDA:85,5,1,6
BRDA:105,6,0,0
BRDA:105,6,1,3
BRDA:116,7,0,0
BRDA:116,7,1,205
BRDA:123,8,0,2134
BRDA:123,8,1,1261
BRDA:124,9,0,485
BRDA:124,9,1,1649
BRDA:128,10,0,1455
BRDA:128,10,1,194
BRDA:132,11,0,485
BRDA:132,11,1,1164
BRDA:137,12,0,0
BRDA:137,12,1,2134
BRDA:141,13,0,0
BRDA:141,13,1,2134
BRDA:147,14,0,34
BRDA:147,14,1,10
BRDA:148,15,0,10
BRDA:148,15,1,24
BRDA:151,16,0,30
BRDA:151,16,1,4
BRDA:158,17,0,5950
BRDA:158,17,1,8829
BRDA:164,18,0,0
BRDA:164,18,1,182
BRDA:164,19,0,182
BRDA:164,19,1,172
BRDA:184,20,0,14
BRDA:184,20,1,14
BRDA:192,21,0,1092
BRDA:192,21,1,1087
BRDA:193,22,0,1087
BRDA:193,22,1,5
BRDA:194,23,0,1092
BRDA:194,23,1,5
BRDA:195,24,0,4
BRDA:195,24,1,1088
BRDA:195,25,0,1092
BRDA:195,25,1,5
BRDA:198,26,0,1088
BRDA:198,26,1,0
BRDA:198,27,0,1088
BRDA:198,27,1,1088
BRDA:198,27,2,1088
BRF:55
BRH:45
end_of_record
TN:
SF:/Users/lqez/Dev/summernote/src/js/base/core/async.js
FN:1,(anonymous_1)
FN:1,(anonymous_2)
FN:12,readFileAsDataURL
FN:13,(anonymous_4)
FN:15,(anonymous_5)
FN:19,(anonymous_6)
FN:34,createImage
FN:35,(anonymous_8)
FN:37,(anonymous_9)
FN:40,(anonymous_10)
FNF:10
FNH:5
FNDA:1,(anonymous_1)
FNDA:1,(anonymous_2)
FNDA:0,readFileAsDataURL
FNDA:0,(anonymous_4)
FNDA:0,(anonymous_5)
FNDA:0,(anonymous_6)
FNDA:1,createImage
FNDA:1,(anonymous_8)
FNDA:1,(anonymous_9)
FNDA:0,(anonymous_10)
DA:1,1
DA:2,1
DA:3,1
DA:12,2
DA:13,0
DA:14,0
DA:16,0
DA:17,0
DA:20,0
DA:25,1
DA:34,2
DA:35,1
DA:36,1
DA:37,1
DA:38,1
DA:39,1
DA:41,0
DA:42,0
DA:48,1
LF:19
LH:12
BRF:0
BRH:0
end_of_record
TN:
SF:/Users/lqez/Dev/summernote/src/js/base/core/env.js
FN:1,(anonymous_1)
FN:1,(anonymous_2)
FN:11,isFontInstalled
FNF:3
FNH:3
FNDA:1,(anonymous_1)
FNDA:1,(anonymous_2)
FNDA:1089,isFontInstalled
DA:1,1
DA:2,1
DA:3,1
DA:4,1
DA:11,2
DA:12,1089
DA:13,1089
DA:14,1089
DA:15,1089
DA:16,1089
DA:17,1089
DA:18,1089
DA:19,1089
DA:20,1089
DA:21,1089
DA:23,1
DA:24,1
DA:25,1
DA:26,1
DA:27,0
DA:28,0
DA:29,0
DA:31,0
DA:32,0
DA:33,0
DA:36,1
DA:37,1
DA:38,1
DA:40,0
DA:41,0
DA:44,0
DA:45,0
DA:51,0
DA:53,0
DA:54,0
DA:57,0
DA:58,0
DA:65,0
DA:66,0
DA:70,1
DA:75,1
DA:84,1
LF:42
LH:25
BRDA:4,1,0,1
BRDA:4,1,1,0
BRDA:12,2,0,87
BRDA:12,2,1,1002
BRDA:26,3,0,0
BRDA:26,3,1,1
BRDA:28,4,0,0
BRDA:28,4,1,0
BRDA:32,5,0,0
BRDA:32,5,1,0
BRDA:38,6,0,0
BRDA:38,6,1,1
BRDA:38,7,0,1
BRDA:38,7,1,1
BRDA:40,8,0,0
BRDA:40,8,1,0
BRDA:51,9,0,0
BRDA:51,9,1,0
BRDA:53,10,0,0
BRDA:53,10,1,0
BRDA:65,11,0,0
BRDA:65,11,1,0
BRDA:70,12,0,1
BRDA:70,12,1,0
BRDA:70,12,2,0
BRDA:75,13,0,0
BRDA:75,13,1,1
BRDA:75,14,0,1
BRDA:75,14,1,1
BRDA:88,15,0,1
BRDA:88,15,1,1
BRDA:90,16,0,1
BRDA:90,16,1,1
BRDA:91,17,0,1
BRDA:91,17,1,1
BRDA:92,18,0,1
BRDA:92,18,1,1
BRF:37
BRH:19
end_of_record
TN:
SF:/Users/lqez/Dev/summernote/src/js/base/core/func.js
FN:1,(anonymous_1)
FN:1,(anonymous_2)
FN:11,eq
FN:12,(anonymous_4)
FN:16,eq2
FN:19,peq2
FN:20,(anonymous_7)
FN:24,ok
FN:27,fail
FN:30,not
FN:31,(anonymous_11)
FN:35,and
FN:36,(anonymous_13)
FN:40,self
FN:43,invoke
FN:44,(anonymous_16)
FN:54,uniqueId
FN:71,rect2bnd
FN:85,invertObject
FN:99,namespaceToCamel
FN:101,(anonymous_21)
FN:115,debounce
FN:117,(anonymous_23)
FN:120,(anonymous_24)
FN:139,isValidUrl
FNF:25
FNH:24
FNDA:1,(anonymous_1)
FNDA:1,(anonymous_2)
FNDA:392,eq
FNDA:666,(anonymous_4)
FNDA:2,eq2
FNDA:12,peq2
FNDA:2,(anonymous_7)
FNDA:2317,ok
FNDA:258,fail
FNDA:38,not
FNDA:234,(anonymous_11)
FNDA:5,and
FNDA:12,(anonymous_13)
FNDA:3,self
FNDA:584,invoke
FNDA:2,(anonymous_16)
FNDA:3,uniqueId
FNDA:0,rect2bnd
FNDA:99,invertObject
FNDA:207,namespaceToCamel
FNDA:276,(anonymous_21)
FNDA:100,debounce
FNDA:22,(anonymous_23)
FNDA:19,(anonymous_24)
FNDA:4,isValidUrl
DA:1,1
DA:2,1
DA:11,2
DA:12,392
DA:13,666
DA:16,2
DA:17,2
DA:19,2
DA:20,12
DA:21,2
DA:24,2
DA:25,2317
DA:27,2
DA:28,258
DA:30,2
DA:31,38
DA:32,234
DA:35,2
DA:36,5
DA:37,12
DA:40,2
DA:41,3
DA:43,2
DA:44,584
DA:45,2
DA:48,1
DA:54,2
DA:55,3
DA:56,3
DA:71,2
DA:72,0
DA:73,0
DA:85,2
DA:86,99
DA:87,99
DA:88,2655
DA:89,2655
DA:92,99
DA:99,2
DA:100,207
DA:101,207
DA:102,276
DA:115,2
DA:116,100
DA:117,100
DA:118,22
DA:119,22
DA:120,22
DA:121,19
DA:122,19
DA:123,19
DA:126,22
DA:127,22
DA:128,22
DA:129,22
DA:130,0
DA:139,2
DA:140,4
DA:141,4
DA:143,1
LF:60
LH:57
BRDA:37,1,0,12
BRDA:37,1,1,2
BRDA:56,2,0,3
BRDA:56,2,1,0
BRDA:88,3,0,2655
BRDA:88,3,1,0
BRDA:100,4,0,207
BRDA:100,4,1,1
BRDA:122,5,0,19
BRDA:122,5,1,0
BRDA:126,6,0,22
BRDA:126,6,1,0
BRDA:129,7,0,0
BRDA:129,7,1,22
BRF:14
BRH:9
end_of_record
TN:
SF:/Users/lqez/Dev/summernote/src/js/base/core/key.js
FN:1,(anonymous_1)
FN:1,(anonymous_2)
FN:59,(anonymous_3)
FN:74,(anonymous_4)
FNF:4
FNH:4
FNDA:1,(anonymous_1)
FNDA:1,(anonymous_2)
FNDA:3,(anonymous_3)
FNDA:2,(anonymous_4)
DA:1,1
DA:2,1
DA:3,1
DA:4,1
DA:5,1
DA:52,1
DA:60,3
DA:75,2
LF:8
LH:8
BRF:0
BRH:0
end_of_record
TN:
SF:/Users/lqez/Dev/summernote/src/js/base/core/lists.js
FN:1,(anonymous_1)
FN:1,(anonymous_2)
FN:10,head
FN:18,last
FN:26,initial
FN:34,tail
FN:40,find
FN:51,all
FN:62,indexOf
FN:68,contains
FN:77,sum
FN:79,(anonymous_12)
FN:87,from
FN:99,isEmpty
FN:109,clusterBy
FN:114,(anonymous_16)
FN:131,compact
FN:145,unique
FN:158,next
FN:169,prev
FNF:20
FNH:18
FNDA:1,(anonymous_1)
FNDA:1,(anonymous_2)
FNDA:2448,head
FNDA:1201,last
FNDA:1,initial
FNDA:1331,tail
FNDA:86,find
FNDA:262,all
FNDA:126,indexOf
FNDA:126,contains
FNDA:2,sum
FNDA:6,(anonymous_12)
FNDA:1308,from
FNDA:368,isEmpty
FNDA:12,clusterBy
FNDA:8,(anonymous_16)
FNDA:2,compact
FNDA:34,unique
FNDA:0,next
FNDA:0,prev
DA:1,1
DA:2,1
DA:3,1
DA:4,1
DA:10,2
DA:11,2448
DA:18,2
DA:19,1201
DA:26,2
DA:27,1
DA:34,2
DA:35,1331
DA:40,2
DA:41,86
DA:42,87
DA:43,87
DA:44,84
DA:51,2
DA:52,262
DA:53,277
DA:54,158
DA:57,104
DA:62,2
DA:63,126
DA:68,2
DA:69,126
DA:77,2
DA:78,2
DA:79,2
DA:80,6
DA:87,2
DA:88,1308
DA:89,1308
DA:90,1308
DA:91,1308
DA:92,2551
DA:94,1308
DA:99,2
DA:100,368
DA:109,2
DA:110,12
DA:111,0
DA:113,12
DA:114,12
DA:115,8
DA:116,8
DA:117,3
DA:120,5
DA:122,8
DA:131,2
DA:132,2
DA:133,2
DA:134,9
DA:135,5
DA:138,2
DA:145,2
DA:146,34
DA:147,34
DA:148,78
DA:149,42
DA:152,34
DA:158,2
DA:159,0
DA:160,0
DA:161,0
DA:163,0
DA:169,2
DA:170,0
DA:171,0
DA:172,0
DA:174,0
DA:184,1
LF:72
LH:63
BRDA:43,1,0,84
BRDA:43,1,1,3
BRDA:53,2,0,158
BRDA:53,2,1,119
BRDA:78,3,0,2
BRDA:78,3,1,1
BRDA:100,4,0,368
BRDA:100,4,1,368
BRDA:110,5,0,0
BRDA:110,5,1,12
BRDA:116,6,0,3
BRDA:116,6,1,5
BRDA:134,7,0,5
BRDA:134,7,1,4
BRDA:148,8,0,42
BRDA:148,8,1,36
BRDA:160,9,0,0
BRDA:160,9,1,0
BRDA:171,10,0,0
BRDA:171,10,1,0
BRF:20
BRH:15
end_of_record
TN:
SF:/Users/lqez/Dev/summernote/src/js/base/editing/Bullet.js
FN:1,(anonymous_1)
FN:1,(anonymous_2)
FN:8,(anonymous_3)
FN:9,Bullet
FN:14,(anonymous_5)
FN:20,(anonymous_6)
FN:26,(anonymous_7)
FN:31,(anonymous_8)
FN:37,(anonymous_9)
FN:42,(anonymous_10)
FN:43,(anonymous_11)
FN:47,(anonymous_12)
FN:48,(anonymous_13)
FN:59,(anonymous_14)
FN:64,(anonymous_15)
FN:70,(anonymous_16)
FN:71,(anonymous_17)
FN:85,(anonymous_18)
FN:94,(anonymous_19)
FN:103,(anonymous_20)
FN:107,(anonymous_21)
FN:122,(anonymous_22)
FN:129,(anonymous_23)
FN:147,(anonymous_24)
FN:150,(anonymous_25)
FN:156,(anonymous_26)
FN:193,(anonymous_27)
FN:197,(anonymous_28)
FN:202,(anonymous_29)
FN:204,(anonymous_30)
FN:224,(anonymous_31)
FN:237,(anonymous_32)
FN:239,(anonymous_33)
FN:250,(anonymous_34)
FNF:34
FNH:32
FNDA:1,(anonymous_1)
FNDA:1,(anonymous_2)
FNDA:1,(anonymous_3)
FNDA:200,Bullet
FNDA:2,(anonymous_5)
FNDA:2,(anonymous_6)
FNDA:3,(anonymous_7)
FNDA:3,(anonymous_8)
FNDA:0,(anonymous_9)
FNDA:2,(anonymous_10)
FNDA:2,(anonymous_11)
FNDA:1,(anonymous_12)
FNDA:1,(anonymous_13)
FNDA:3,(anonymous_14)
FNDA:3,(anonymous_15)
FNDA:1,(anonymous_16)
FNDA:1,(anonymous_17)
FNDA:4,(anonymous_18)
FNDA:2,(anonymous_19)
FNDA:2,(anonymous_20)
FNDA:1,(anonymous_21)
FNDA:6,(anonymous_22)
FNDA:6,(anonymous_23)
FNDA:3,(anonymous_24)
FNDA:3,(anonymous_25)
FNDA:2,(anonymous_26)
FNDA:1,(anonymous_27)
FNDA:1,(anonymous_28)
FNDA:2,(anonymous_29)
FNDA:2,(anonymous_30)
FNDA:2,(anonymous_31)
FNDA:2,(anonymous_32)
FNDA:0,(anonymous_33)
FNDA:2,(anonymous_34)
DA:1,1
DA:2,1
DA:3,1
DA:4,1
DA:5,1
DA:6,1
DA:7,1
DA:8,1
DA:9,2
DA:14,1
DA:15,2
DA:20,1
DA:21,2
DA:26,1
DA:27,3
DA:28,3
DA:29,3
DA:30,3
DA:31,3
DA:32,3
DA:33,3
DA:34,2
DA:35,2
DA:36,0
DA:37,0
DA:40,2
DA:41,2
DA:42,2
DA:43,2
DA:47,1
DA:48,1
DA:49,1
DA:54,3
DA:59,1
DA:60,3
DA:61,3
DA:62,3
DA:63,3
DA:64,3
DA:65,3
DA:66,3
DA:67,2
DA:70,1
DA:71,1
DA:72,1
DA:73,1
DA:78,3
DA:85,1
DA:86,4
DA:87,4
DA:88,4
DA:89,4
DA:90,4
DA:92,4
DA:93,2
DA:94,2
DA:95,2
DA:97,2
DA:101,2
DA:104,2
DA:106,2
DA:107,1
DA:108,1
DA:112,1
DA:115,4
DA:122,1
DA:123,6
DA:124,6
DA:125,6
DA:126,6
DA:127,6
DA:129,6
DA:130,6
DA:133,6
DA:134,6
DA:135,0
DA:136,0
DA:138,6
DA:147,1
DA:148,3
DA:149,3
DA:150,3
DA:151,3
DA:152,3
DA:153,3
DA:154,3
DA:155,3
DA:156,2
DA:157,2
DA:158,2
DA:159,0
DA:162,2
DA:164,2
DA:165,0
DA:166,0
DA:169,2
DA:170,2
DA:172,2
DA:173,2
DA:177,1
DA:183,1
DA:189,1
DA:192,1
DA:193,1
DA:194,1
DA:197,1
DA:198,1
DA:201,1
DA:202,1
DA:203,2
DA:204,2
DA:205,2
DA:206,2
DA:211,3
DA:213,3
DA:224,1
DA:225,2
DA:237,1
DA:238,2
DA:239,0
DA:250,1
DA:251,2
DA:252,2
DA:253,0
DA:254,0
DA:256,2
DA:258,1
DA:260,1
LF:128
LH:118
BRDA:33,1,0,2
BRDA:33,1,1,1
BRDA:35,2,0,0
BRDA:35,2,1,2
BRDA:49,3,0,1
BRDA:49,3,1,1
BRDA:66,4,0,2
BRDA:66,4,1,1
BRDA:72,5,0,1
BRDA:72,5,1,0
BRDA:73,6,0,0
BRDA:73,6,1,1
BRDA:92,7,0,2
BRDA:92,7,1,2
BRDA:106,8,0,1
BRDA:106,8,1,1
BRDA:125,9,0,6
BRDA:125,9,1,0
BRDA:126,10,0,6
BRDA:126,10,1,0
BRDA:127,11,0,6
BRDA:127,11,1,6
BRDA:127,12,0,6
BRDA:127,12,1,0
BRDA:130,13,0,2
BRDA:130,13,1,4
BRDA:134,14,0,0
BRDA:134,14,1,6
BRDA:153,15,0,1
BRDA:153,15,1,2
BRDA:155,16,0,2
BRDA:155,16,1,1
BRDA:158,17,0,0
BRDA:158,17,1,2
BRDA:164,18,0,0
BRDA:164,18,1,2
BRDA:169,19,0,2
BRDA:169,19,1,0
BRDA:172,20,0,2
BRDA:172,20,1,0
BRDA:177,21,0,0
BRDA:177,21,1,1
BRDA:189,22,0,1
BRDA:189,22,1,0
BRDA:192,23,0,1
BRDA:192,23,1,0
BRDA:192,24,0,1
BRDA:192,24,1,0
BRDA:205,25,0,2
BRDA:205,25,1,0
BRDA:225,26,0,0
BRDA:225,26,1,2
BRDA:238,27,0,0
BRDA:238,27,1,2
BRF:54
BRH:36
end_of_record
TN:
SF:/Users/lqez/Dev/summernote/src/js/base/editing/History.js
FN:1,(anonymous_1)
FN:1,(anonymous_2)
FN:4,(anonymous_3)
FN:5,History
FN:11,(anonymous_5)
FN:19,(anonymous_6)
FN:32,(anonymous_7)
FN:46,(anonymous_8)
FN:58,(anonymous_9)
FN:71,(anonymous_10)
FN:84,(anonymous_11)
FN:93,(anonymous_12)
FNF:12
FNH:9
FNDA:1,(anonymous_1)
FNDA:1,(anonymous_2)
FNDA:1,(anonymous_3)
FNDA:97,History
FNDA:158,(anonymous_5)
FNDA:2,(anonymous_6)
FNDA:0,(anonymous_7)
FNDA:0,(anonymous_8)
FNDA:0,(anonymous_9)
FNDA:1,(anonymous_10)
FNDA:1,(anonymous_11)
FNDA:158,(anonymous_12)
DA:1,1
DA:2,1
DA:3,1
DA:4,1
DA:5,2
DA:6,97
DA:7,97
DA:8,97
DA:9,97
DA:11,1
DA:12,158
DA:13,158
DA:14,158
DA:19,1
DA:20,2
DA:21,2
DA:23,2
DA:24,2
DA:32,1
DA:34,0
DA:35,0
DA:38,0
DA:40,0
DA:46,1
DA:48,0
DA:50,0
DA:52,0
DA:58,1
DA:60,0
DA:62,0
DA:64,0
DA:66,0
DA:71,1
DA:73,1
DA:74,0
DA:76,1
DA:77,1
DA:78,1
DA:84,1
DA:85,1
DA:86,1
DA:87,1
DA:93,1
DA:94,158
DA:96,158
DA:97,0
DA:100,158
DA:102,1
DA:104,1
LF:49
LH:36
BRDA:16,1,0,158
BRDA:16,1,1,0
BRDA:16,2,0,158
BRDA:16,2,1,158
BRDA:20,3,0,2
BRDA:20,3,1,0
BRDA:23,4,0,2
BRDA:23,4,1,0
BRDA:34,5,0,0
BRDA:34,5,1,0
BRDA:73,6,0,0
BRDA:73,6,1,1
BRDA:76,7,0,1
BRDA:76,7,1,0
BRDA:85,8,0,1
BRDA:85,8,1,0
BRDA:96,9,0,0
BRDA:96,9,1,158
BRF:18
BRH:9
end_of_record
TN:
SF:/Users/lqez/Dev/summernote/src/js/base/editing/Style.js
FN:1,(anonymous_1)
FN:1,(anonymous_2)
FN:8,(anonymous_3)
FN:9,Style
FN:24,(anonymous_5)
FN:27,(anonymous_6)
FN:40,(anonymous_7)
FN:52,(anonymous_8)
FN:55,(anonymous_9)
FN:69,(anonymous_10)
FN:80,(anonymous_11)
FN:87,(anonymous_12)
FN:91,(anonymous_13)
FN:95,(anonymous_14)
FN:112,(anonymous_15)
FNF:15
FNH:12
FNDA:1,(anonymous_1)
FNDA:1,(anonymous_2)
FNDA:1,(anonymous_3)
FNDA:98,Style
FNDA:262,(anonymous_5)
FNDA:0,(anonymous_6)
FNDA:262,(anonymous_7)
FNDA:0,(anonymous_8)
FNDA:0,(anonymous_9)
FNDA:9,(anonymous_10)
FNDA:9,(anonymous_11)
FNDA:1,(anonymous_12)
FNDA:2,(anonymous_13)
FNDA:1,(anonymous_14)
FNDA:44,(anonymous_15)
DA:1,1
DA:2,1
DA:3,1
DA:4,1
DA:5,1
DA:6,1
DA:7,1
DA:8,1
DA:9,2
DA:24,1
DA:25,262
DA:26,0
DA:27,0
DA:28,0
DA:30,0
DA:32,262
DA:40,1
DA:41,262
DA:42,262
DA:43,262
DA:44,262
DA:52,1
DA:53,0
DA:56,0
DA:69,1
DA:70,9
DA:71,9
DA:72,9
DA:73,9
DA:74,9
DA:75,2
DA:77,7
DA:78,7
DA:81,9
DA:83,7
DA:84,2
DA:85,1
DA:87,1
DA:88,1
DA:91,2
DA:92,2
DA:93,2
DA:94,2
DA:95,2
DA:96,1
DA:97,1
DA:99,2
DA:103,5
DA:112,1
DA:113,44
DA:114,44
DA:117,44
DA:118,44
DA:130,44
DA:131,44
DA:134,0
DA:135,0
DA:136,0
DA:138,44
DA:139,44
DA:140,0
DA:143,44
DA:144,44
DA:146,44
DA:147,44
DA:148,44
DA:149,44
DA:151,1
DA:153,1
LF:69
LH:59
BRDA:25,1,0,0
BRDA:25,1,1,262
BRDA:42,2,0,262
BRDA:42,2,1,0
BRDA:71,3,0,9
BRDA:71,3,1,2
BRDA:71,3,2,7
BRDA:72,4,0,9
BRDA:72,4,1,2
BRDA:73,5,0,9
BRDA:73,5,1,2
BRDA:74,6,0,2
BRDA:74,6,1,7
BRDA:81,7,0,9
BRDA:81,7,1,7
BRDA:83,8,0,2
BRDA:83,8,1,5
BRDA:84,9,0,1
BRDA:84,9,1,1
BRDA:113,10,0,44
BRDA:113,10,1,0
BRDA:119,11,0,2
BRDA:119,11,1,42
BRDA:120,12,0,2
BRDA:120,12,1,42
BRDA:121,13,0,12
BRDA:121,13,1,32
BRDA:122,14,0,2
BRDA:122,14,1,42
BRDA:123,15,0,2
BRDA:123,15,1,42
BRDA:124,16,0,2
BRDA:124,16,1,42
BRDA:125,17,0,44
BRDA:125,17,1,0
BRDA:130,18,0,44
BRDA:130,18,1,0
BRDA:136,19,0,0
BRDA:136,19,1,0
BRDA:139,20,0,0
BRDA:139,20,1,44
BRDA:139,21,0,44
BRDA:139,21,1,39
BRDA:146,22,0,44
BRDA:146,22,1,10
BRF:45
BRH:37
end_of_record
TN:
SF:/Users/lqez/Dev/summernote/src/js/base/editing/Typing.js
FN:1,(anonymous_1)
FN:1,(anonymous_2)
FN:13,(anonymous_3)
FN:14,Typing
FN:25,(anonymous_5)
FN:43,(anonymous_6)
FN:89,(anonymous_7)
FNF:7
FNH:6
FNDA:1,(anonymous_1)
FNDA:1,(anonymous_2)
FNDA:1,(anonymous_3)
FNDA:103,Typing
FNDA:1,(anonymous_5)
FNDA:8,(anonymous_6)
FNDA:0,(anonymous_7)
DA:1,1
DA:2,1
DA:3,1
DA:4,1
DA:5,1
DA:6,1
DA:13,1
DA:14,2
DA:16,103
DA:17,103
DA:25,1
DA:26,1
DA:27,1
DA:28,1
DA:29,1
DA:30,1
DA:43,1
DA:44,8
DA:46,8
DA:48,8
DA:50,8
DA:51,8
DA:53,8
DA:55,8
DA:57,0
DA:58,0
DA:61,8
DA:62,8
DA:63,2
DA:65,6
DA:66,5
DA:68,8
DA:70,5
DA:73,5
DA:74,1
DA:76,5
DA:77,5
DA:78,4
DA:81,1
DA:85,3
DA:87,3
DA:88,3
DA:89,3
DA:90,0
DA:93,3
DA:94,0
DA:101,0
DA:102,0
DA:103,0
DA:104,0
DA:107,0
DA:110,8
DA:112,1
DA:114,1
LF:54
LH:45
BRDA:44,1,0,8
BRDA:44,1,1,2
BRDA:53,2,0,8
BRDA:53,2,1,0
BRDA:55,3,0,0
BRDA:55,3,1,8
BRDA:55,4,0,8
BRDA:55,4,1,1
BRDA:62,5,0,2
BRDA:62,5,1,6
BRDA:65,6,0,5
BRDA:65,6,1,1
BRDA:68,7,0,5
BRDA:68,7,1,3
BRDA:73,8,0,1
BRDA:73,8,1,4
BRDA:73,9,0,5
BRDA:73,9,1,2
BRDA:77,10,0,4
BRDA:77,10,1,1
BRDA:93,11,0,0
BRDA:93,11,1,3
BRDA:93,12,0,3
BRDA:93,12,1,3
BRDA:93,12,2,3
BRDA:93,12,3,0
BRDA:103,13,0,0
BRDA:103,13,1,0
BRF:28
BRH:22
end_of_record
TN:
SF:/Users/lqez/Dev/summernote/src/js/base/module/AirPopover.js
FN:1,(anonymous_1)
FN:1,(anonymous_2)
FN:9,(anonymous_3)
FN:10,AirPopover
FN:16,(anonymous_5)
FN:19,(anonymous_6)
FN:22,(anonymous_7)
FN:34,(anonymous_8)
FN:37,(anonymous_9)
FN:44,(anonymous_10)
FN:47,(anonymous_11)
FN:65,(anonymous_12)
FNF:12
FNH:5
FNDA:1,(anonymous_1)
FNDA:1,(anonymous_2)
FNDA:1,(anonymous_3)
FNDA:97,AirPopover
FNDA:0,(anonymous_5)
FNDA:0,(anonymous_6)
FNDA:0,(anonymous_7)
FNDA:99,(anonymous_8)
FNDA:0,(anonymous_9)
FNDA:0,(anonymous_10)
FNDA:0,(anonymous_11)
FNDA:0,(anonymous_12)
DA:1,1
DA:2,1
DA:3,1
DA:4,1
DA:5,1
DA:6,1
DA:7,1
DA:8,1
DA:9,1
DA:10,2
DA:11,97
DA:12,97
DA:13,97
DA:14,97
DA:15,97
DA:17,0
DA:20,0
DA:25,0
DA:26,0
DA:28,0
DA:29,0
DA:34,1
DA:35,99
DA:37,1
DA:38,0
DA:41,0
DA:42,0
DA:44,1
DA:45,0
DA:47,1
DA:48,0
DA:49,0
DA:50,0
DA:51,0
DA:52,0
DA:53,0
DA:58,0
DA:62,0
DA:65,1
DA:66,0
DA:68,1
DA:70,1
LF:42
LH:23
BRDA:25,1,0,0
BRDA:25,1,1,0
BRDA:28,2,0,0
BRDA:28,2,1,0
BRDA:28,3,0,0
BRDA:28,3,1,0
BRDA:35,4,0,99
BRDA:35,4,1,0
BRDA:49,5,0,0
BRDA:49,5,1,0
BRDA:49,6,0,0
BRDA:49,6,1,0
BRDA:51,7,0,0
BRDA:51,7,1,0
BRF:14
BRH:1
end_of_record
TN:
SF:/Users/lqez/Dev/summernote/src/js/base/module/AutoLink.js
FN:1,(anonymous_1)
FN:1,(anonymous_2)
FN:8,(anonymous_3)
FN:9,AutoLink
FN:13,(anonymous_5)
FN:18,(anonymous_6)
FN:23,(anonymous_7)
FN:26,(anonymous_8)
FN:29,(anonymous_9)
FN:46,(anonymous_10)
FN:52,(anonymous_11)
FNF:11
FNH:10
FNDA:1,(anonymous_1)
FNDA:1,(anonymous_2)
FNDA:1,(anonymous_3)
FNDA:97,AutoLink
FNDA:1,(anonymous_5)
FNDA:1,(anonymous_6)
FNDA:97,(anonymous_7)
FNDA:2,(anonymous_8)
FNDA:0,(anonymous_9)
FNDA:1,(anonymous_10)
FNDA:1,(anonymous_11)
DA:1,1
DA:2,1
DA:3,1
DA:4,1
DA:5,1
DA:6,1
DA:7,1
DA:8,1
DA:9,2
DA:10,97
DA:11,97
DA:12,97
DA:14,1
DA:15,1
DA:19,1
DA:23,1
DA:24,97
DA:26,1
DA:27,2
DA:29,1
DA:30,0
DA:31,0
DA:33,0
DA:34,0
DA:35,0
DA:36,0
DA:37,0
DA:38,0
DA:39,0
DA:41,0
DA:42,0
DA:43,0
DA:46,1
DA:47,1
DA:48,0
DA:49,0
DA:52,1
DA:53,1
DA:54,0
DA:57,1
DA:59,1
LF:41
LH:26
BRDA:14,1,0,1
BRDA:14,1,1,0
BRDA:30,2,0,0
BRDA:30,2,1,0
BRDA:35,3,0,0
BRDA:35,3,1,0
BRDA:35,4,0,0
BRDA:35,4,1,0
BRDA:35,4,2,0
BRDA:36,5,0,0
BRDA:36,5,1,0
BRDA:38,6,0,0
BRDA:38,6,1,0
BRDA:47,7,0,0
BRDA:47,7,1,1
BRDA:53,8,0,0
BRDA:53,8,1,1
BRF:17
BRH:3
end_of_record
TN:
SF:/Users/lqez/Dev/summernote/src/js/base/module/AutoReplace.js
FN:1,(anonymous_1)
FN:1,(anonymous_2)
FN:6,(anonymous_3)
FN:7,AutoReplace
FN:14,(anonymous_5)
FN:19,(anonymous_6)
FN:24,(anonymous_7)
FN:27,(anonymous_8)
FN:30,(anonymous_9)
FN:33,(anonymous_10)
FN:39,(anonymous_11)
FN:59,(anonymous_12)
FN:72,(anonymous_13)
FNF:13
FNH:5
FNDA:1,(anonymous_1)
FNDA:1,(anonymous_2)
FNDA:1,(anonymous_3)
FNDA:97,AutoReplace
FNDA:0,(anonymous_5)
FNDA:0,(anonymous_6)
FNDA:99,(anonymous_7)
FNDA:0,(anonymous_8)
FNDA:0,(anonymous_9)
FNDA:0,(anonymous_10)
FNDA:0,(anonymous_11)
FNDA:0,(anonymous_12)
FNDA:0,(anonymous_13)
DA:1,1
DA:2,1
DA:3,1
DA:4,1
DA:5,1
DA:6,1
DA:7,2
DA:8,97
DA:9,97
DA:10,97
DA:11,97
DA:12,97
DA:13,97
DA:15,0
DA:16,0
DA:20,0
DA:24,1
DA:25,99
DA:27,1
DA:28,0
DA:30,1
DA:31,0
DA:33,1
DA:34,0
DA:35,0
DA:37,0
DA:38,0
DA:39,0
DA:40,0
DA:41,0
DA:42,0
DA:43,0
DA:45,0
DA:46,0
DA:48,0
DA:49,0
DA:51,0
DA:52,0
DA:53,0
DA:54,0
DA:55,0
DA:59,1
DA:62,0
DA:63,0
DA:64,0
DA:66,0
DA:67,0
DA:68,0
DA:70,0
DA:72,1
DA:73,0
DA:74,0
DA:77,1
DA:79,1
LF:54
LH:22
BRDA:10,1,0,97
BRDA:10,1,1,97
BRDA:15,2,0,0
BRDA:15,2,1,0
BRDA:34,3,0,0
BRDA:34,3,1,0
BRDA:40,4,0,0
BRDA:40,4,1,0
BRDA:42,5,0,0
BRDA:42,5,1,0
BRDA:45,6,0,0
BRDA:45,6,1,0
BRDA:48,7,0,0
BRDA:48,7,1,0
BRDA:51,8,0,0
BRDA:51,8,1,0
BRDA:62,9,0,0
BRDA:62,9,1,0
BRDA:62,10,0,0
BRDA:62,10,1,0
BRDA:66,11,0,0
BRDA:66,11,1,0
BRDA:73,12,0,0
BRDA:73,12,1,0
BRF:24
BRH:2
end_of_record
TN:
SF:/Users/lqez/Dev/summernote/src/js/base/module/AutoSync.js
FN:1,(anonymous_1)
FN:1,(anonymous_2)
FN:7,(anonymous_3)
FN:8,AutoSync
FN:12,(anonymous_5)
FN:17,(anonymous_6)
FNF:6
FNH:5
FNDA:1,(anonymous_1)
FNDA:1,(anonymous_2)
FNDA:1,(anonymous_3)
FNDA:97,AutoSync
FNDA:0,(anonymous_5)
FNDA:99,(anonymous_6)
DA:1,1
DA:2,1
DA:3,1
DA:7,1
DA:8,2
DA:9,97
DA:10,97
DA:11,97
DA:13,0
DA:17,1
DA:18,99
DA:20,1
DA:22,1
LF:13
LH:12
BRF:0
BRH:0
end_of_record
TN:
SF:/Users/lqez/Dev/summernote/src/js/base/module/Clipboard.js
FN:1,(anonymous_1)
FN:1,(anonymous_2)
FN:4,(anonymous_3)
FN:5,Clipboard
FN:9,(anonymous_5)
FN:17,(anonymous_6)
FNF:6
FNH:5
FNDA:1,(anonymous_1)
FNDA:1,(anonymous_2)
FNDA:1,(anonymous_3)
FNDA:97,Clipboard
FNDA:97,(anonymous_5)
FNDA:0,(anonymous_6)
DA:1,1
DA:2,1
DA:3,1
DA:4,1
DA:5,2
DA:6,97
DA:7,97
DA:9,1
DA:10,97
DA:17,1
DA:18,0
DA:19,0
DA:21,0
DA:22,0
DA:23,0
DA:25,0
DA:28,1
DA:30,1
LF:18
LH:12
BRDA:19,1,0,0
BRDA:19,1,1,0
BRDA:19,2,0,0
BRDA:19,2,1,0
BRDA:19,2,2,0
BRDA:21,3,0,0
BRDA:21,3,1,0
BRDA:22,4,0,0
BRDA:22,4,1,0
BRDA:22,5,0,0
BRDA:22,5,1,0
BRF:11
BRH:0
end_of_record
TN:
SF:/Users/lqez/Dev/summernote/src/js/base/module/Codeview.js
FN:1,(anonymous_1)
FN:1,(anonymous_2)
FN:8,(anonymous_3)
FN:19,(anonymous_4)
FN:20,CodeView
FN:27,(anonymous_6)
FN:36,(anonymous_7)
FN:42,(anonymous_8)
FN:56,(anonymous_9)
FN:63,(anonymous_10)
FN:84,(anonymous_11)
FN:98,(anonymous_12)
FN:102,(anonymous_13)
FN:105,(anonymous_14)
FN:113,(anonymous_15)
FN:116,(anonymous_16)
FN:124,(anonymous_17)
FN:142,(anonymous_18)
FNF:18
FNH:12
FNDA:1,(anonymous_1)
FNDA:1,(anonymous_2)
FNDA:0,(anonymous_3)
FNDA:1,(anonymous_4)
FNDA:100,CodeView
FNDA:2,(anonymous_6)
FNDA:20,(anonymous_7)
FNDA:2,(anonymous_8)
FNDA:10,(anonymous_9)
FNDA:3,(anonymous_10)
FNDA:1,(anonymous_11)
FNDA:0,(anonymous_12)
FNDA:0,(anonymous_13)
FNDA:0,(anonymous_14)
FNDA:0,(anonymous_15)
FNDA:0,(anonymous_16)
FNDA:1,(anonymous_17)
FNDA:2,(anonymous_18)
DA:1,1
DA:2,1
DA:3,1
DA:4,1
DA:5,1
DA:6,1
DA:7,0
DA:8,0
DA:9,0
DA:13,0
DA:19,1
DA:20,2
DA:21,100
DA:22,100
DA:23,100
DA:24,100
DA:25,100
DA:27,1
DA:28,2
DA:29,2
DA:30,0
DA:36,1
DA:37,20
DA:42,1
DA:43,2
DA:44,1
DA:47,1
DA:49,2
DA:56,1
DA:57,10
DA:59,8
DA:61,8
DA:62,5
DA:63,5
DA:65,3
DA:66,1
DA:68,2
DA:69,9
DA:71,9
DA:72,1
DA:75,1
DA:79,10
DA:84,1
DA:85,1
DA:86,1
DA:87,1
DA:88,1
DA:89,1
DA:90,1
DA:92,1
DA:93,0
DA:95,0
DA:96,0
DA:97,0
DA:98,0
DA:99,0
DA:102,0
DA:103,0
DA:105,0
DA:106,0
DA:109,0
DA:110,0
DA:113,1
DA:114,0
DA:116,1
DA:117,0
DA:124,1
DA:126,1
DA:127,0
DA:128,0
DA:129,0
DA:131,1
DA:132,1
DA:133,1
DA:134,1
DA:135,1
DA:136,1
DA:137,0
DA:139,1
DA:140,1
DA:142,1
DA:143,2
DA:144,0
DA:147,1
DA:149,1
LF:85
LH:61
BRDA:6,1,0,0
BRDA:6,1,1,1
BRDA:7,2,0,0
BRDA:7,2,1,0
BRDA:29,3,0,0
BRDA:29,3,1,2
BRDA:29,4,0,2
BRDA:29,4,1,0
BRDA:43,5,0,1
BRDA:43,5,1,1
BRDA:57,6,0,8
BRDA:57,6,1,2
BRDA:61,7,0,5
BRDA:61,7,1,3
BRDA:65,8,0,1
BRDA:65,8,1,2
BRDA:71,9,0,1
BRDA:71,9,1,8
BRDA:92,10,0,0
BRDA:92,10,1,1
BRDA:95,11,0,0
BRDA:95,11,1,0
BRDA:126,12,0,0
BRDA:126,12,1,1
BRDA:131,13,0,1
BRDA:131,13,1,0
BRDA:134,14,0,0
BRDA:134,14,1,1
BRDA:136,15,0,0
BRDA:136,15,1,1
BRDA:143,16,0,0
BRDA:143,16,1,2
BRF:32
BRH:19
end_of_record
TN:
SF:/Users/lqez/Dev/summernote/src/js/base/module/Dropzone.js
FN:1,(anonymous_1)
FN:1,(anonymous_2)
FN:4,(anonymous_3)
FN:5,Dropzone
FN:22,(anonymous_5)
FN:25,(anonymous_6)
FN:39,(anonymous_7)
FN:43,(anonymous_8)
FN:54,(anonymous_9)
FN:60,(anonymous_10)
FN:70,(anonymous_11)
FN:73,(anonymous_12)
FN:78,(anonymous_13)
FN:87,(anonymous_14)
FN:93,(anonymous_15)
FN:101,(anonymous_16)
FN:103,(anonymous_17)
FNF:17
FNH:8
FNDA:1,(anonymous_1)
FNDA:1,(anonymous_2)
FNDA:1,(anonymous_3)
FNDA:97,Dropzone
FNDA:97,(anonymous_5)
FNDA:0,(anonymous_6)
FNDA:97,(anonymous_7)
FNDA:0,(anonymous_8)
FNDA:0,(anonymous_9)
FNDA:0,(anonymous_10)
FNDA:0,(anonymous_11)
FNDA:0,(anonymous_12)
FNDA:0,(anonymous_13)
FNDA:0,(anonymous_14)
FNDA:0,(anonymous_15)
FNDA:2,(anonymous_16)
FNDA:6,(anonymous_17)
DA:1,1
DA:2,1
DA:3,1
DA:4,1
DA:5,2
DA:6,97
DA:7,97
DA:8,97
DA:9,97
DA:10,97
DA:11,97
DA:12,97
DA:13,97
DA:22,1
DA:23,97
DA:25,0
DA:26,0
DA:29,0
DA:30,0
DA:33,97
DA:39,1
DA:40,97
DA:41,97
DA:42,97
DA:43,97
DA:44,0
DA:45,0
DA:46,0
DA:47,0
DA:48,0
DA:49,0
DA:50,0
DA:52,0
DA:54,97
DA:55,0
DA:56,0
DA:57,0
DA:60,97
DA:61,0
DA:62,0
DA:66,97
DA:70,97
DA:71,0
DA:72,0
DA:74,0
DA:75,0
DA:78,97
DA:79,0
DA:81,0
DA:82,0
DA:83,0
DA:84,0
DA:87,0
DA:88,0
DA:89,0
DA:90,0
DA:93,0
DA:94,0
DA:101,1
DA:102,2
DA:103,2
DA:104,6
DA:106,2
DA:108,1
DA:110,1
LF:65
LH:33
BRDA:23,1,0,0
BRDA:23,1,1,97
BRDA:45,2,0,0
BRDA:45,2,1,0
BRDA:46,3,0,0
BRDA:46,3,1,0
BRDA:46,4,0,0
BRDA:46,4,1,0
BRDA:46,4,2,0
BRDA:56,5,0,0
BRDA:56,5,1,0
BRDA:82,6,0,0
BRDA:82,6,1,0
BRDA:82,7,0,0
BRDA:82,7,1,0
BRDA:82,7,2,0
BRDA:89,8,0,0
BRDA:89,8,1,0
BRF:18
BRH:1
end_of_record
TN:
SF:/Users/lqez/Dev/summernote/src/js/base/module/Fullscreen.js
FN:1,(anonymous_1)
FN:1,(anonymous_2)
FN:4,(anonymous_3)
FN:5,Fullscreen
FN:14,(anonymous_5)
FN:20,(anonymous_6)
FN:30,(anonymous_7)
FN:47,(anonymous_8)
FNF:8
FNH:8
FNDA:1,(anonymous_1)
FNDA:1,(anonymous_2)
FNDA:1,(anonymous_3)
FNDA:98,Fullscreen
FNDA:1,(anonymous_5)
FNDA:2,(anonymous_6)
FNDA:2,(anonymous_7)
FNDA:7,(anonymous_8)
DA:1,1
DA:2,1
DA:3,1
DA:4,1
DA:5,2
DA:6,98
DA:7,98
DA:8,98
DA:9,98
DA:10,98
DA:11,98
DA:12,98
DA:13,98
DA:14,98
DA:15,1
DA:20,1
DA:21,2
DA:22,2
DA:23,2
DA:24,0
DA:30,1
DA:31,2
DA:32,2
DA:33,1
DA:34,1
DA:35,1
DA:36,1
DA:37,1
DA:40,1
DA:41,1
DA:42,1
DA:43,1
DA:45,2
DA:47,1
DA:48,7
DA:50,1
DA:52,1
LF:37
LH:36
BRDA:23,1,0,0
BRDA:23,1,1,2
BRDA:32,2,0,1
BRDA:32,2,1,1
BRF:4
BRH:3
end_of_record
TN:
SF:/Users/lqez/Dev/summernote/src/js/base/module/Handle.js
FN:1,(anonymous_1)
FN:1,(anonymous_2)
FN:5,(anonymous_3)
FN:6,Handle
FN:14,(anonymous_5)
FN:19,(anonymous_6)
FN:22,(anonymous_7)
FN:25,(anonymous_8)
FN:30,(anonymous_9)
FN:46,(anonymous_10)
FN:53,(anonymous_11)
FN:62,(anonymous_12)
FN:73,(anonymous_13)
FN:78,(anonymous_14)
FN:81,(anonymous_15)
FN:123,(anonymous_16)
FNF:16
FNH:12
FNDA:1,(anonymous_1)
FNDA:1,(anonymous_2)
FNDA:1,(anonymous_3)
FNDA:97,Handle
FNDA:1,(anonymous_5)
FNDA:69,(anonymous_6)
FNDA:4,(anonymous_7)
FNDA:2,(anonymous_8)
FNDA:97,(anonymous_9)
FNDA:0,(anonymous_10)
FNDA:0,(anonymous_11)
FNDA:0,(anonymous_12)
FNDA:0,(anonymous_13)
FNDA:2,(anonymous_14)
FNDA:72,(anonymous_15)
FNDA:75,(anonymous_16)
DA:1,1
DA:2,1
DA:3,1
DA:4,1
DA:5,1
DA:6,2
DA:7,97
DA:8,97
DA:9,97
DA:10,97
DA:11,97
DA:12,97
DA:13,97
DA:15,1
DA:16,0
DA:20,69
DA:23,4
DA:26,2
DA:30,1
DA:31,97
DA:32,97
DA:46,97
DA:47,0
DA:48,0
DA:49,0
DA:50,0
DA:51,0
DA:52,0
DA:53,0
DA:54,0
DA:58,0
DA:60,0
DA:63,0
DA:64,0
DA:65,0
DA:67,0
DA:68,0
DA:73,97
DA:74,0
DA:75,0
DA:78,1
DA:79,2
DA:81,1
DA:82,72
DA:83,1
DA:85,71
DA:86,71
DA:87,71
DA:88,71
DA:89,0
DA:90,0
DA:91,0
DA:96,0
DA:100,0
DA:107,0
DA:108,0
DA:109,0
DA:110,0
DA:111,0
DA:114,71
DA:116,71
DA:123,1
DA:124,75
DA:125,75
DA:127,1
DA:129,1
LF:66
LH:38
BRDA:15,1,0,0
BRDA:15,1,1,1
BRDA:40,2,0,0
BRDA:40,2,1,97
BRDA:42,3,0,0
BRDA:42,3,1,97
BRDA:47,4,0,0
BRDA:47,4,1,0
BRDA:67,5,0,0
BRDA:67,5,1,0
BRDA:82,6,0,1
BRDA:82,6,1,71
BRDA:88,7,0,0
BRDA:88,7,1,71
BRF:14
BRH:6
end_of_record
TN:
SF:/Users/lqez/Dev/summernote/src/js/base/module/HelpDialog.js
FN:1,(anonymous_1)
FN:1,(anonymous_2)
FN:5,(anonymous_3)
FN:6,HelpDialog
FN:14,(anonymous_5)
FN:28,(anonymous_6)
FN:36,(anonymous_7)
FN:40,(anonymous_8)
FN:43,(anonymous_9)
FN:58,(anonymous_10)
FN:60,(anonymous_11)
FN:61,(anonymous_12)
FN:68,(anonymous_13)
FN:71,(anonymous_14)
FNF:14
FNH:9
FNDA:1,(anonymous_1)
FNDA:1,(anonymous_2)
FNDA:1,(anonymous_3)
FNDA:97,HelpDialog
FNDA:97,(anonymous_5)
FNDA:97,(anonymous_6)
FNDA:2,(anonymous_7)
FNDA:97,(anonymous_8)
FNDA:2619,(anonymous_9)
FNDA:0,(anonymous_10)
FNDA:0,(anonymous_11)
FNDA:0,(anonymous_12)
FNDA:0,(anonymous_13)
FNDA:0,(anonymous_14)
DA:1,1
DA:2,1
DA:3,1
DA:4,1
DA:5,1
DA:6,2
DA:7,97
DA:8,97
DA:9,97
DA:10,97
DA:11,97
DA:12,97
DA:14,1
DA:15,97
DA:16,97
DA:23,97
DA:29,97
DA:36,1
DA:37,2
DA:38,2
DA:40,1
DA:41,97
DA:42,97
DA:43,97
DA:44,2619
DA:45,2619
DA:46,2619
DA:50,2619
DA:58,1
DA:59,0
DA:60,0
DA:61,0
DA:62,0
DA:63,0
DA:65,0
DA:68,1
DA:69,0
DA:70,0
DA:71,0
DA:72,0
DA:75,1
DA:77,1
LF:42
LH:32
BRDA:15,1,0,0
BRDA:15,1,1,97
BRDA:42,2,0,97
BRDA:42,2,1,0
BRDA:49,3,0,2619
BRDA:49,3,1,0
BRF:6
BRH:3
end_of_record
TN:
SF:/Users/lqez/Dev/summernote/src/js/base/module/HintPopover.js
FN:1,(anonymous_1)
FN:1,(anonymous_2)
FN:10,(anonymous_3)
FN:11,HintPopover
FN:21,(anonymous_5)
FN:26,(anonymous_6)
FN:29,(anonymous_7)
FN:34,(anonymous_8)
FN:37,(anonymous_9)
FN:47,(anonymous_10)
FN:53,(anonymous_11)
FN:56,(anonymous_12)
FN:61,(anonymous_13)
FN:75,(anonymous_14)
FN:89,(anonymous_15)
FN:102,(anonymous_16)
FN:111,(anonymous_17)
FN:113,(anonymous_18)
FN:123,(anonymous_19)
FN:140,(anonymous_20)
FN:150,(anonymous_21)
FN:153,(anonymous_22)
FN:162,(anonymous_23)
FN:173,(anonymous_24)
FN:200,(anonymous_25)
FN:203,(anonymous_26)
FNF:26
FNH:5
FNDA:1,(anonymous_1)
FNDA:1,(anonymous_2)
FNDA:1,(anonymous_3)
FNDA:97,HintPopover
FNDA:0,(anonymous_5)
FNDA:0,(anonymous_6)
FNDA:0,(anonymous_7)
FNDA:99,(anonymous_8)
FNDA:0,(anonymous_9)
FNDA:0,(anonymous_10)
FNDA:0,(anonymous_11)
FNDA:0,(anonymous_12)
FNDA:0,(anonymous_13)
FNDA:0,(anonymous_14)
FNDA:0,(anonymous_15)
FNDA:0,(anonymous_16)
FNDA:0,(anonymous_17)
FNDA:0,(anonymous_18)
FNDA:0,(anonymous_19)
FNDA:0,(anonymous_20)
FNDA:0,(anonymous_21)
FNDA:0,(anonymous_22)
FNDA:0,(anonymous_23)
FNDA:0,(anonymous_24)
FNDA:0,(anonymous_25)
FNDA:0,(anonymous_26)
DA:1,1
DA:2,1
DA:3,1
DA:4,1
DA:5,1
DA:6,1
DA:7,1
DA:8,1
DA:9,1
DA:10,1
DA:11,2
DA:12,97
DA:13,97
DA:14,97
DA:15,97
DA:16,97
DA:17,97
DA:18,97
DA:19,97
DA:20,97
DA:22,0
DA:23,0
DA:27,0
DA:30,0
DA:34,1
DA:35,99
DA:37,1
DA:38,0
DA:39,0
DA:40,0
DA:45,0
DA:46,0
DA:47,0
DA:48,0
DA:49,0
DA:50,0
DA:53,1
DA:54,0
DA:56,1
DA:57,0
DA:58,0
DA:59,0
DA:61,1
DA:62,0
DA:63,0
DA:64,0
DA:65,0
DA:68,0
DA:69,0
DA:70,0
DA:72,0
DA:75,1
DA:76,0
DA:77,0
DA:78,0
DA:79,0
DA:82,0
DA:83,0
DA:84,0
DA:86,0
DA:89,1
DA:90,0
DA:91,0
DA:92,0
DA:94,0
DA:95,0
DA:96,0
DA:97,0
DA:98,0
DA:99,0
DA:102,1
DA:103,0
DA:104,0
DA:105,0
DA:106,0
DA:107,0
DA:109,0
DA:111,1
DA:112,0
DA:113,0
DA:114,0
DA:115,0
DA:116,0
DA:120,0
DA:123,1
DA:124,0
DA:125,0
DA:127,0
DA:128,0
DA:129,0
DA:131,0
DA:132,0
DA:133,0
DA:135,0
DA:136,0
DA:137,0
DA:140,1
DA:141,0
DA:142,0
DA:143,0
DA:144,0
DA:147,0
DA:150,1
DA:151,0
DA:152,0
DA:153,0
DA:154,0
DA:155,0
DA:156,0
DA:157,0
DA:160,0
DA:162,1
DA:163,0
DA:164,0
DA:165,0
DA:166,0
DA:167,0
DA:168,0
DA:169,0
DA:170,0
DA:171,0
DA:172,0
DA:173,0
DA:174,0
DA:175,0
DA:179,0
DA:181,0
DA:182,0
DA:188,0
DA:196,0
DA:200,1
DA:201,0
DA:203,1
DA:204,0
DA:206,1
DA:208,1
LF:136
LH:38
BRDA:17,1,0,97
BRDA:17,1,1,97
BRDA:18,2,0,97
BRDA:18,2,1,0
BRDA:19,3,0,97
BRDA:19,3,1,0
BRDA:22,4,0,0
BRDA:22,4,1,0
BRDA:64,5,0,0
BRDA:64,5,1,0
BRDA:69,6,0,0
BRDA:69,6,1,0
BRDA:78,7,0,0
BRDA:78,7,1,0
BRDA:83,8,0,0
BRDA:83,8,1,0
BRDA:91,9,0,0
BRDA:91,9,1,0
BRDA:105,10,0,0
BRDA:105,10,1,0
BRDA:106,11,0,0
BRDA:106,11,1,0
BRDA:115,12,0,0
BRDA:115,12,1,0
BRDA:124,13,0,0
BRDA:124,13,1,0
BRDA:127,14,0,0
BRDA:127,14,1,0
BRDA:131,15,0,0
BRDA:131,15,1,0
BRDA:135,16,0,0
BRDA:135,16,1,0
BRDA:142,17,0,0
BRDA:142,17,1,0
BRDA:142,18,0,0
BRDA:142,18,1,0
BRDA:142,18,2,0
BRDA:154,19,0,0
BRDA:154,19,1,0
BRDA:155,20,0,0
BRDA:155,20,1,0
BRDA:164,21,0,0
BRDA:164,21,1,0
BRDA:167,22,0,0
BRDA:167,22,1,0
BRDA:167,23,0,0
BRDA:167,23,1,0
BRDA:170,24,0,0
BRDA:170,24,1,0
BRDA:174,25,0,0
BRDA:174,25,1,0
BRDA:181,26,0,0
BRDA:181,26,1,0
BRF:53
BRH:4
end_of_record
TN:
SF:/Users/lqez/Dev/summernote/src/js/base/module/ImageDialog.js
FN:1,(anonymous_1)
FN:1,(anonymous_2)
FN:6,(anonymous_3)
FN:7,ImageDialog
FN:15,(anonymous_5)
FN:46,(anonymous_6)
FN:50,(anonymous_7)
FN:51,(anonymous_8)
FN:58,(anonymous_9)
FN:61,(anonymous_10)
FN:77,(anonymous_11)
FN:87,(anonymous_12)
FN:89,(anonymous_13)
FN:93,(anonymous_14)
FN:96,(anonymous_15)
FN:99,(anonymous_16)
FN:103,(anonymous_17)
FN:112,(anonymous_18)
FNF:18
FNH:6
FNDA:1,(anonymous_1)
FNDA:1,(anonymous_2)
FNDA:1,(anonymous_3)
FNDA:97,ImageDialog
FNDA:97,(anonymous_5)
FNDA:2,(anonymous_6)
FNDA:0,(anonymous_7)
FNDA:0,(anonymous_8)
FNDA:0,(anonymous_9)
FNDA:0,(anonymous_10)
FNDA:0,(anonymous_11)
FNDA:0,(anonymous_12)
FNDA:0,(anonymous_13)
FNDA:0,(anonymous_14)
FNDA:0,(anonymous_15)
FNDA:0,(anonymous_16)
FNDA:0,(anonymous_17)
FNDA:0,(anonymous_18)
DA:1,1
DA:2,1
DA:3,1
DA:4,1
DA:5,1
DA:6,1
DA:7,2
DA:8,97
DA:9,97
DA:10,97
DA:11,97
DA:12,97
DA:13,97
DA:15,1
DA:16,97
DA:17,97
DA:18,97
DA:19,0
DA:20,0
DA:22,0
DA:24,97
DA:37,97
DA:38,97
DA:39,97
DA:46,1
DA:47,2
DA:48,2
DA:50,1
DA:51,0
DA:52,0
DA:53,0
DA:54,0
DA:58,1
DA:59,0
DA:60,0
DA:61,0
DA:63,0
DA:64,0
DA:65,0
DA:67,0
DA:68,0
DA:71,0
DA:75,0
DA:78,0
DA:87,1
DA:88,0
DA:89,0
DA:90,0
DA:91,0
DA:92,0
DA:93,0
DA:94,0
DA:96,0
DA:97,0
DA:99,0
DA:100,0
DA:101,0
DA:103,0
DA:104,0
DA:105,0
DA:107,0
DA:108,0
DA:110,0
DA:112,0
DA:113,0
DA:114,0
DA:115,0
DA:116,0
DA:117,0
DA:120,0
DA:123,1
DA:125,1
LF:72
LH:29
BRDA:16,1,0,0
BRDA:16,1,1,97
BRDA:18,2,0,0
BRDA:18,2,1,97
BRDA:52,3,0,0
BRDA:52,3,1,0
BRDA:65,4,0,0
BRDA:65,4,1,0
BRDA:67,5,0,0
BRDA:67,5,1,0
BRDA:97,6,0,0
BRDA:97,6,1,0
BRDA:107,7,0,0
BRDA:107,7,1,0
BRDA:116,8,0,0
BRDA:116,8,1,0
BRF:16
BRH:2
end_of_record
TN:
SF:/Users/lqez/Dev/summernote/src/js/base/module/ImagePopover.js
FN:1,(anonymous_1)
FN:1,(anonymous_2)
FN:11,(anonymous_3)
FN:12,ImagePopover
FN:19,(anonymous_5)
FN:24,(anonymous_6)
FN:27,(anonymous_7)
FN:34,(anonymous_8)
FN:37,(anonymous_9)
FN:51,(anonymous_10)
FNF:10
FNH:10
FNDA:1,(anonymous_1)
FNDA:1,(anonymous_2)
FNDA:1,(anonymous_3)
FNDA:97,ImagePopover
FNDA:4,(anonymous_5)
FNDA:170,(anonymous_6)
FNDA:97,(anonymous_7)
FNDA:2,(anonymous_8)
FNDA:71,(anonymous_9)
FNDA:75,(anonymous_10)
DA:1,1
DA:2,1
DA:3,1
DA:4,1
DA:5,1
DA:11,1
DA:12,2
DA:13,97
DA:14,97
DA:15,97
DA:16,97
DA:17,97
DA:18,97
DA:20,4
DA:24,1
DA:25,170
DA:27,1
DA:28,97
DA:31,97
DA:32,97
DA:34,1
DA:35,2
DA:37,1
DA:38,71
DA:39,0
DA:40,0
DA:41,0
DA:48,71
DA:51,1
DA:52,75
DA:54,1
DA:56,1
LF:32
LH:29
BRDA:38,1,0,0
BRDA:38,1,1,71
BRDA:43,2,0,0
BRDA:43,2,1,0
BRDA:44,3,0,0
BRDA:44,3,1,0
BRF:6
BRH:1
end_of_record
TN:
SF:/Users/lqez/Dev/summernote/src/js/base/module/LinkPopover.js
FN:1,(anonymous_1)
FN:1,(anonymous_2)
FN:6,(anonymous_3)
FN:7,LinkPopover
FN:13,(anonymous_5)
FN:16,(anonymous_6)
FN:21,(anonymous_7)
FN:24,(anonymous_8)
FN:27,(anonymous_9)
FN:35,(anonymous_10)
FN:38,(anonymous_11)
FN:60,(anonymous_12)
FNF:12
FNH:12
FNDA:1,(anonymous_1)
FNDA:1,(anonymous_2)
FNDA:1,(anonymous_3)
FNDA:97,LinkPopover
FNDA:66,(anonymous_5)
FNDA:8,(anonymous_6)
FNDA:99,(anonymous_7)
FNDA:97,(anonymous_8)
FNDA:97,(anonymous_9)
FNDA:2,(anonymous_10)
FNDA:66,(anonymous_11)
FNDA:74,(anonymous_12)
DA:1,1
DA:2,1
DA:3,1
DA:4,1
DA:5,1
DA:6,1
DA:7,2
DA:8,97
DA:9,97
DA:10,97
DA:11,97
DA:12,97
DA:14,66
DA:17,8
DA:21,1
DA:22,99
DA:24,1
DA:25,97
DA:28,97
DA:29,97
DA:32,97
DA:33,97
DA:35,1
DA:36,2
DA:38,1
DA:40,66
DA:41,66
DA:42,66
DA:44,0
DA:45,0
DA:46,0
DA:47,0
DA:48,0
DA:49,0
DA:50,0
DA:57,0
DA:60,1
DA:61,74
DA:63,1
DA:65,1
LF:40
LH:32
BRDA:40,1,0,66
BRDA:40,1,1,0
BRDA:45,2,0,0
BRDA:45,2,1,0
BRDA:45,3,0,0
BRDA:45,3,1,0
BRF:6
BRH:1
end_of_record
TN:
SF:/Users/lqez/Dev/summernote/src/js/base/module/LinkDialog.js
FN:1,(anonymous_1)
FN:1,(anonymous_2)
FN:7,(anonymous_3)
FN:8,LinkDialog
FN:17,(anonymous_5)
FN:46,(anonymous_6)
FN:50,(anonymous_7)
FN:51,(anonymous_8)
FN:61,(anonymous_9)
FN:70,(anonymous_10)
FN:72,(anonymous_11)
FN:78,(anonymous_12)
FN:85,(anonymous_13)
FN:91,(anonymous_14)
FN:94,(anonymous_15)
FN:102,(anonymous_16)
FN:114,(anonymous_17)
FN:125,(anonymous_18)
FN:140,(anonymous_19)
FN:144,(anonymous_20)
FN:147,(anonymous_21)
FNF:21
FNH:12
FNDA:1,(anonymous_1)
FNDA:1,(anonymous_2)
FNDA:1,(anonymous_3)
FNDA:99,LinkDialog
FNDA:99,(anonymous_5)
FNDA:2,(anonymous_6)
FNDA:4,(anonymous_7)
FNDA:0,(anonymous_8)
FNDA:2,(anonymous_9)
FNDA:2,(anonymous_10)
FNDA:2,(anonymous_11)
FNDA:2,(anonymous_12)
FNDA:0,(anonymous_13)
FNDA:0,(anonymous_14)
FNDA:0,(anonymous_15)
FNDA:0,(anonymous_16)
FNDA:0,(anonymous_17)
FNDA:0,(anonymous_18)
FNDA:2,(anonymous_19)
FNDA:0,(anonymous_20)
FNDA:0,(anonymous_21)
DA:1,1
DA:2,1
DA:3,1
DA:4,1
DA:5,1
DA:6,1
DA:7,1
DA:8,2
DA:9,99
DA:10,99
DA:11,99
DA:12,99
DA:13,99
DA:14,99
DA:15,99
DA:17,1
DA:18,99
DA:19,99
DA:36,99
DA:37,99
DA:38,99
DA:46,1
DA:47,2
DA:48,2
DA:50,1
DA:51,4
DA:52,0
DA:53,0
DA:54,0
DA:61,1
DA:62,2
DA:70,1
DA:71,2
DA:72,2
DA:73,2
DA:74,2
DA:75,2
DA:76,2
DA:78,2
DA:79,2
DA:81,2
DA:82,0
DA:84,2
DA:85,2
DA:86,0
DA:89,0
DA:91,2
DA:92,0
DA:94,2
DA:95,0
DA:98,0
DA:99,0
DA:102,2
DA:103,0
DA:105,2
DA:106,0
DA:108,2
DA:109,2
DA:110,2
DA:111,2
DA:113,2
DA:114,2
DA:115,0
DA:116,0
DA:122,0
DA:125,2
DA:127,0
DA:128,0
DA:129,0
DA:130,0
DA:131,0
DA:134,2
DA:140,1
DA:141,2
DA:142,2
DA:143,2
DA:144,2
DA:145,0
DA:146,0
DA:148,0
DA:151,1
DA:153,1
LF:82
LH:59
BRDA:18,1,0,0
BRDA:18,1,1,99
BRDA:28,2,0,99
BRDA:28,2,1,0
BRDA:52,3,0,0
BRDA:52,3,1,0
BRDA:62,4,0,2
BRDA:62,4,1,2
BRDA:81,5,0,0
BRDA:81,5,1,2
BRDA:81,6,0,2
BRDA:81,6,1,0
BRDA:98,7,0,0
BRDA:98,7,1,0
BRDA:105,8,0,0
BRDA:105,8,1,2
BRDA:111,9,0,2
BRDA:111,9,1,0
BRDA:130,10,0,0
BRDA:130,10,1,0
BRF:20
BRH:8
end_of_record
TN:
SF:/Users/lqez/Dev/summernote/src/js/base/module/Statusbar.js
FN:1,(anonymous_1)
FN:1,(anonymous_2)
FN:5,(anonymous_3)
FN:6,Statusbar
FN:12,(anonymous_5)
FN:18,(anonymous_6)
FN:22,(anonymous_7)
FN:28,(anonymous_8)
FN:33,(anonymous_9)
FNF:9
FNH:6
FNDA:1,(anonymous_1)
FNDA:1,(anonymous_2)
FNDA:1,(anonymous_3)
FNDA:97,Statusbar
FNDA:97,(anonymous_5)
FNDA:0,(anonymous_6)
FNDA:0,(anonymous_7)
FNDA:0,(anonymous_8)
FNDA:2,(anonymous_9)
DA:1,1
DA:2,1
DA:3,1
DA:4,1
DA:5,1
DA:6,2
DA:7,97
DA:8,97
DA:9,97
DA:10,97
DA:12,1
DA:13,97
DA:14,97
DA:15,0
DA:16,0
DA:18,97
DA:19,0
DA:20,0
DA:21,0
DA:22,0
DA:23,0
DA:24,0
DA:25,0
DA:26,0
DA:28,0
DA:29,0
DA:33,1
DA:34,2
DA:35,2
DA:37,1
DA:39,1
LF:31
LH:19
BRDA:14,1,0,0
BRDA:14,1,1,97
BRDA:14,2,0,97
BRDA:14,2,1,97
BRDA:24,3,0,0
BRDA:24,3,1,0
BRDA:25,4,0,0
BRDA:25,4,1,0
BRF:8
BRH:3
end_of_record
TN:
SF:/Users/lqez/Dev/summernote/src/js/base/module/Placeholder.js
FN:1,(anonymous_1)
FN:1,(anonymous_2)
FN:4,(anonymous_3)
FN:5,Placeholder
FN:11,(anonymous_5)
FN:14,(anonymous_6)
FN:19,(anonymous_7)
FN:22,(anonymous_8)
FN:25,(anonymous_9)
FN:30,(anonymous_10)
FN:33,(anonymous_11)
FNF:11
FNH:5
FNDA:1,(anonymous_1)
FNDA:1,(anonymous_2)
FNDA:1,(anonymous_3)
FNDA:97,Placeholder
FNDA:0,(anonymous_5)
FNDA:0,(anonymous_6)
FNDA:99,(anonymous_7)
FNDA:0,(anonymous_8)
FNDA:0,(anonymous_9)
FNDA:0,(anonymous_10)
FNDA:0,(anonymous_11)
DA:1,1
DA:2,1
DA:3,1
DA:4,1
DA:5,2
DA:6,97
DA:7,97
DA:8,97
DA:9,97
DA:10,97
DA:12,0
DA:15,0
DA:19,1
DA:20,99
DA:22,1
DA:23,0
DA:24,0
DA:25,0
DA:26,0
DA:28,0
DA:30,1
DA:31,0
DA:33,1
DA:34,0
DA:35,0
DA:37,1
DA:39,1
LF:27
LH:17
BRDA:34,1,0,0
BRDA:34,1,1,0
BRF:2
BRH:0
end_of_record
TN:
SF:/Users/lqez/Dev/summernote/src/js/base/module/TablePopover.js
FN:1,(anonymous_1)
FN:1,(anonymous_2)
FN:7,(anonymous_3)
FN:8,TablePopover
FN:14,(anonymous_5)
FN:17,(anonymous_6)
FN:20,(anonymous_7)
FN:25,(anonymous_8)
FN:28,(anonymous_9)
FN:39,(anonymous_10)
FN:42,(anonymous_11)
FN:60,(anonymous_12)
FNF:12
FNH:12
FNDA:1,(anonymous_1)
FNDA:1,(anonymous_2)
FNDA:1,(anonymous_3)
FNDA:97,TablePopover
FNDA:1,(anonymous_5)
FNDA:65,(anonymous_6)
FNDA:4,(anonymous_7)
FNDA:99,(anonymous_8)
FNDA:97,(anonymous_9)
FNDA:2,(anonymous_10)
FNDA:66,(anonymous_11)
FNDA:69,(anonymous_12)
DA:1,1
DA:2,1
DA:3,1
DA:4,1
DA:5,1
DA:6,1
DA:7,1
DA:8,2
DA:9,97
DA:10,97
DA:11,97
DA:12,97
DA:13,97
DA:15,1
DA:18,65
DA:21,4
DA:25,1
DA:26,99
DA:28,1
DA:29,97
DA:32,97
DA:33,97
DA:35,97
DA:36,0
DA:39,1
DA:40,2
DA:42,1
DA:43,66
DA:44,1
DA:46,65
DA:47,65
DA:48,0
DA:49,0
DA:56,65
DA:58,65
DA:60,1
DA:61,69
DA:63,1
DA:65,1
LF:39
LH:36
BRDA:35,1,0,0
BRDA:35,1,1,97
BRDA:43,2,0,1
BRDA:43,2,1,65
BRDA:47,3,0,0
BRDA:47,3,1,65
BRF:6
BRH:4
end_of_record
TN:
SF:/Users/lqez/Dev/summernote/src/js/base/module/Toolbar.js
FN:1,(anonymous_1)
FN:1,(anonymous_2)
FN:4,(anonymous_3)
FN:5,Toolbar
FN:19,(anonymous_5)
FN:22,(anonymous_6)
FN:35,(anonymous_7)
FN:43,(anonymous_8)
FN:49,(anonymous_9)
FN:92,(anonymous_10)
FN:103,(anonymous_11)
FN:107,(anonymous_12)
FN:116,(anonymous_13)
FN:123,(anonymous_14)
FNF:14
FNH:14
FNDA:1,(anonymous_1)
FNDA:1,(anonymous_2)
FNDA:1,(anonymous_3)
FNDA:97,Toolbar
FNDA:107,(anonymous_5)
FNDA:97,(anonymous_6)
FNDA:65,(anonymous_7)
FNDA:2,(anonymous_8)
FNDA:99,(anonymous_9)
FNDA:99,(anonymous_10)
FNDA:2,(anonymous_11)
FNDA:2,(anonymous_12)
FNDA:2,(anonymous_13)
FNDA:4,(anonymous_14)
DA:1,1
DA:2,1
DA:3,1
DA:4,1
DA:5,2
DA:6,97
DA:7,97
DA:8,97
DA:9,97
DA:10,97
DA:11,97
DA:12,97
DA:13,97
DA:14,97
DA:15,97
DA:16,97
DA:17,97
DA:19,1
DA:20,107
DA:22,1
DA:23,97
DA:24,97
DA:25,97
DA:26,0
DA:29,97
DA:31,97
DA:32,0
DA:34,97
DA:35,97
DA:36,65
DA:38,97
DA:39,97
DA:40,0
DA:43,1
DA:44,2
DA:45,2
DA:46,0
DA:49,1
DA:50,99
DA:51,1
DA:53,98
DA:54,98
DA:55,98
DA:56,98
DA:58,98
DA:59,98
DA:60,0
DA:62,98
DA:63,98
DA:64,98
DA:65,98
DA:66,98
DA:67,98
DA:69,0
DA:70,0
DA:75,0
DA:79,98
DA:81,0
DA:82,0
DA:87,0
DA:92,1
DA:93,99
DA:94,1
DA:97,98
DA:98,0
DA:101,99
DA:103,1
DA:104,2
DA:105,2
DA:107,1
DA:108,2
DA:109,2
DA:110,1
DA:113,1
DA:116,1
DA:117,2
DA:118,2
DA:119,1
DA:121,2
DA:123,1
DA:124,4
DA:125,4
DA:126,1
DA:128,4
DA:130,1
DA:132,1
LF:86
LH:74
BRDA:24,1,0,97
BRDA:24,1,1,0
BRDA:25,2,0,0
BRDA:25,2,1,97
BRDA:31,3,0,0
BRDA:31,3,1,97
BRDA:39,4,0,0
BRDA:39,4,1,97
BRDA:45,5,0,0
BRDA:45,5,1,2
BRDA:50,6,0,1
BRDA:50,6,1,98
BRDA:59,7,0,0
BRDA:59,7,1,98
BRDA:67,8,0,0
BRDA:67,8,1,98
BRDA:67,9,0,98
BRDA:67,9,1,98
BRDA:67,9,2,0
BRDA:79,10,0,0
BRDA:79,10,1,98
BRDA:79,11,0,98
BRDA:79,11,1,0
BRDA:79,11,2,0
BRDA:93,12,0,1
BRDA:93,12,1,98
BRDA:97,13,0,0
BRDA:97,13,1,98
BRDA:109,14,0,1
BRDA:109,14,1,1
BRDA:118,15,0,1
BRDA:118,15,1,1
BRDA:125,16,0,1
BRDA:125,16,1,3
BRF:34
BRH:22
end_of_record
TN:
SF:/Users/lqez/Dev/summernote/src/js/base/module/VideoDialog.js
FN:1,(anonymous_1)
FN:1,(anonymous_2)
FN:6,(anonymous_3)
FN:7,VideoDialog
FN:15,(anonymous_5)
FN:32,(anonymous_6)
FN:36,(anonymous_7)
FN:37,(anonymous_8)
FN:44,(anonymous_9)
FN:150,(anonymous_10)
FN:154,(anonymous_11)
FN:164,(anonymous_12)
FN:174,(anonymous_13)
FN:176,(anonymous_14)
FN:179,(anonymous_15)
FN:181,(anonymous_16)
FN:187,(anonymous_17)
FN:193,(anonymous_18)
FNF:18
FNH:7
FNDA:1,(anonymous_1)
FNDA:1,(anonymous_2)
FNDA:1,(anonymous_3)
FNDA:100,VideoDialog
FNDA:97,(anonymous_5)
FNDA:2,(anonymous_6)
FNDA:0,(anonymous_7)
FNDA:0,(anonymous_8)
FNDA:9,(anonymous_9)
FNDA:0,(anonymous_10)
FNDA:0,(anonymous_11)
FNDA:0,(anonymous_12)
FNDA:0,(anonymous_13)
FNDA:0,(anonymous_14)
FNDA:0,(anonymous_15)
FNDA:0,(anonymous_16)
FNDA:0,(anonymous_17)
FNDA:0,(anonymous_18)
DA:1,1
DA:2,1
DA:3,1
DA:4,1
DA:5,1
DA:6,1
DA:7,2
DA:8,100
DA:9,100
DA:10,100
DA:11,100
DA:12,100
DA:13,100
DA:15,1
DA:16,97
DA:17,97
DA:23,97
DA:24,97
DA:25,97
DA:32,1
DA:33,2
DA:34,2
DA:36,1
DA:37,0
DA:38,0
DA:39,0
DA:40,0
DA:44,1
DA:46,9
DA:47,9
DA:48,9
DA:49,9
DA:50,9
DA:51,9
DA:52,9
DA:53,9
DA:54,9
DA:55,9
DA:56,9
DA:57,9
DA:58,9
DA:59,9
DA:60,9
DA:61,9
DA:62,9
DA:63,9
DA:64,9
DA:65,9
DA:66,9
DA:67,9
DA:68,9
DA:69,9
DA:70,9
DA:71,9
DA:72,9
DA:73,2
DA:74,2
DA:75,2
DA:76,1
DA:77,1
DA:78,1
DA:79,3
DA:83,2
DA:88,7
DA:89,1
DA:96,6
DA:97,0
DA:103,6
DA:104,0
DA:109,6
DA:110,0
DA:115,6
DA:116,0
DA:122,6
DA:123,2
DA:124,2
DA:130,4
DA:131,0
DA:135,4
DA:136,1
DA:145,3
DA:147,6
DA:148,6
DA:150,1
DA:151,0
DA:152,0
DA:153,0
DA:154,0
DA:156,0
DA:157,0
DA:159,0
DA:160,0
DA:162,0
DA:165,0
DA:174,1
DA:175,0
DA:176,0
DA:177,0
DA:178,0
DA:179,0
DA:180,0
DA:181,0
DA:182,0
DA:184,0
DA:185,0
DA:187,0
DA:188,0
DA:189,0
DA:191,0
DA:193,0
DA:194,0
DA:195,0
DA:196,0
DA:197,0
DA:200,0
DA:203,1
DA:205,1
LF:117
LH:78
BRDA:16,1,0,0
BRDA:16,1,1,97
BRDA:38,2,0,0
BRDA:38,2,1,0
BRDA:72,3,0,2
BRDA:72,3,1,7
BRDA:72,4,0,9
BRDA:72,4,1,2
BRDA:75,5,0,1
BRDA:75,5,1,1
BRDA:77,6,0,1
BRDA:77,6,1,0
BRDA:79,7,0,3
BRDA:79,7,1,0
BRDA:85,8,0,1
BRDA:85,8,1,1
BRDA:88,9,0,1
BRDA:88,9,1,6
BRDA:88,10,0,7
BRDA:88,10,1,1
BRDA:96,11,0,0
BRDA:96,11,1,6
BRDA:96,12,0,6
BRDA:96,12,1,0
BRDA:103,13,0,0
BRDA:103,13,1,6
BRDA:103,14,0,6
BRDA:103,14,1,0
BRDA:109,15,0,0
BRDA:109,15,1,6
BRDA:109,16,0,6
BRDA:109,16,1,0
BRDA:115,17,0,0
BRDA:115,17,1,6
BRDA:115,18,0,6
BRDA:115,18,1,0
BRDA:122,19,0,2
BRDA:122,19,1,4
BRDA:122,20,0,6
BRDA:122,20,1,1
BRDA:122,20,2,5
BRDA:122,20,3,1
BRDA:123,21,0,1
BRDA:123,21,1,1
BRDA:123,22,0,2
BRDA:123,22,1,1
BRDA:130,23,0,0
BRDA:130,23,1,4
BRDA:130,24,0,4
BRDA:130,24,1,4
BRDA:130,24,2,4
BRDA:135,25,0,1
BRDA:135,25,1,3
BRDA:135,26,0,4
BRDA:135,26,1,1
BRDA:160,27,0,0
BRDA:160,27,1,0
BRDA:184,28,0,0
BRDA:184,28,1,0
BRDA:196,29,0,0
BRDA:196,29,1,0
BRF:61
BRH:41
end_of_record
TN:
SF:/Users/lqez/Dev/summernote/src/js/base/renderer.js
FN:1,(anonymous_1)
FN:1,(anonymous_2)
FN:4,(anonymous_3)
FN:5,Renderer
FN:11,(anonymous_5)
FN:20,(anonymous_6)
FN:29,(anonymous_7)
FN:47,(anonymous_8)
FN:48,(anonymous_9)
FNF:9
FNH:9
FNDA:1,(anonymous_1)
FNDA:1,(anonymous_2)
FNDA:1,(anonymous_3)
FNDA:8516,Renderer
FNDA:8456,(anonymous_5)
FNDA:555,(anonymous_6)
FNDA:2453,(anonymous_7)
FNDA:4095,(anonymous_8)
FNDA:8516,(anonymous_9)
DA:1,1
DA:2,1
DA:3,1
DA:4,1
DA:5,2
DA:6,8516
DA:7,8516
DA:8,8516
DA:9,8516
DA:11,1
DA:12,8456
DA:13,8456
DA:14,3853
DA:16,8456
DA:17,4328
DA:19,8456
DA:20,555
DA:21,555
DA:24,8456
DA:25,3846
DA:27,8456
DA:28,8456
DA:29,8456
DA:30,2453
DA:33,8456
DA:34,5863
DA:36,8456
DA:37,615
DA:39,8456
DA:40,2453
DA:42,8456
DA:44,1
DA:46,1
DA:48,4095
DA:49,8516
DA:50,8516
DA:51,8516
DA:52,341
DA:54,8516
LF:39
LH:39
BRDA:13,1,0,3853
BRDA:13,1,1,4603
BRDA:13,2,0,8456
BRDA:13,2,1,8072
BRDA:16,3,0,4328
BRDA:16,3,1,4128
BRDA:16,4,0,8456
BRDA:16,4,1,8072
BRDA:19,5,0,555
BRDA:19,5,1,7901
BRDA:19,6,0,8456
BRDA:19,6,1,8072
BRDA:24,7,0,3846
BRDA:24,7,1,4610
BRDA:24,8,0,8456
BRDA:24,8,1,8072
BRDA:27,9,0,8456
BRDA:27,9,1,0
BRDA:30,10,0,0
BRDA:30,10,1,2453
BRDA:33,11,0,5863
BRDA:33,11,1,2593
BRDA:36,12,0,615
BRDA:36,12,1,7841
BRDA:36,13,0,8456
BRDA:36,13,1,8072
BRDA:39,14,0,2453
BRDA:39,14,1,6003
BRDA:49,15,0,87
BRDA:49,15,1,8429
BRDA:50,16,0,667
BRDA:50,16,1,7849
BRDA:51,17,0,341
BRDA:51,17,1,8175
BRDA:51,18,0,8516
BRDA:51,18,1,8132
BRF:36
BRH:34
end_of_record
TN:
SF:/Users/lqez/Dev/summernote/src/js/base/summernote-en-US.js
FN:1,(anonymous_1)
FN:1,(anonymous_2)
FNF:2
FNH:2
FNDA:1,(anonymous_1)
FNDA:1,(anonymous_2)
DA:1,1
DA:2,1
DA:3,1
DA:4,1
DA:7,1
LF:5
LH:5
BRDA:4,1,0,1
BRDA:4,1,1,1
BRF:2
BRH:2
end_of_record
TN:
SF:/Users/lqez/Dev/summernote/src/js/bs3/settings.js
FN:1,(anonymous_1)
FN:1,(anonymous_2)
FNF:2
FNH:1
FNDA:1,(anonymous_1)
FNDA:0,(anonymous_2)
DA:1,1
DA:2,0
DA:3,0
DA:4,0
DA:5,0
DA:6,0
LF:6
LH:1
BRF:0
BRH:0
end_of_record
TN:
SF:/Users/lqez/Dev/summernote/src/js/bs4/settings.js
FN:1,(anonymous_1)
FN:1,(anonymous_2)
FNF:2
FNH:2
FNDA:1,(anonymous_1)
FNDA:1,(anonymous_2)
DA:1,1
DA:2,1
DA:3,1
DA:4,1
DA:5,1
DA:6,1
DA:9,1
LF:7
LH:7
BRF:0
BRH:0
end_of_record
TN:
SF:/Users/lqez/Dev/summernote/src/js/lite/settings.js
FN:1,(anonymous_1)
FN:1,(anonymous_2)
FNF:2
FNH:1
FNDA:1,(anonymous_1)
FNDA:0,(anonymous_2)
DA:1,1
DA:2,0
DA:3,0
DA:4,0
DA:5,0
DA:6,0
LF:6
LH:1
BRF:0
BRH:0
end_of_record
TN:
SF:/Users/lqez/Dev/summernote/src/js/lite/ui/DropdownUI.js
FN:1,(anonymous_1)
FN:1,(anonymous_2)
FN:3,(anonymous_3)
FN:4,DropdownUI
FN:11,(anonymous_5)
FN:13,(anonymous_6)
FN:18,(anonymous_7)
FN:23,(anonymous_8)
FN:38,(anonymous_9)
FN:42,(anonymous_10)
FN:54,(anonymous_11)
FN:59,(anonymous_12)
FNF:12
FNH:1
FNDA:1,(anonymous_1)
FNDA:0,(anonymous_2)
FNDA:0,(anonymous_3)
FNDA:0,DropdownUI
FNDA:0,(anonymous_5)
FNDA:0,(anonymous_6)
FNDA:0,(anonymous_7)
FNDA:0,(anonymous_8)
FNDA:0,(anonymous_9)
FNDA:0,(anonymous_10)
FNDA:0,(anonymous_11)
FNDA:0,(anonymous_12)
DA:1,1
DA:2,0
DA:3,0
DA:4,2
DA:5,0
DA:6,0
DA:9,0
DA:11,0
DA:12,0
DA:13,0
DA:14,0
DA:15,0
DA:18,0
DA:19,0
DA:20,0
DA:21,0
DA:23,0
DA:24,0
DA:25,0
DA:26,0
DA:27,0
DA:28,0
DA:29,0
DA:30,0
DA:31,0
DA:32,0
DA:35,0
DA:38,0
DA:39,0
DA:40,0
DA:42,0
DA:43,0
DA:44,0
DA:45,0
DA:46,0
DA:49,0
DA:52,0
DA:54,0
DA:55,0
DA:56,0
DA:59,0
DA:60,0
DA:62,0
LF:43
LH:2
BRDA:31,1,0,0
BRDA:31,1,1,0
BRDA:45,2,0,0
BRDA:45,2,1,0
BRDA:55,3,0,0
BRDA:55,3,1,0
BRF:6
BRH:0
end_of_record
TN:
SF:/Users/lqez/Dev/summernote/src/js/lite/ui/ModalUI.js
FN:1,(anonymous_1)
FN:1,(anonymous_2)
FN:3,(anonymous_3)
FN:4,ModalUI
FN:11,(anonymous_5)
FN:25,(anonymous_6)
FNF:6
FNH:1
FNDA:1,(anonymous_1)
FNDA:0,(anonymous_2)
FNDA:0,(anonymous_3)
FNDA:0,ModalUI
FNDA:0,(anonymous_5)
FNDA:0,(anonymous_6)
DA:1,1
DA:2,0
DA:3,0
DA:4,2
DA:5,0
DA:8,0
DA:9,0
DA:11,0
DA:12,0
DA:13,0
DA:14,0
DA:17,0
DA:18,0
DA:20,0
DA:21,0
DA:22,0
DA:23,0
DA:25,0
DA:26,0
DA:27,0
DA:28,0
DA:30,0
DA:32,0
LF:23
LH:2
BRDA:6,1,0,0
BRDA:6,1,1,0
BRDA:12,2,0,0
BRDA:12,2,1,0
BRF:4
BRH:0
end_of_record
TN:
SF:/Users/lqez/Dev/summernote/src/js/lite/ui/PopoverUI.js
FN:1,(anonymous_1)
FN:1,(anonymous_2)
FN:3,(anonymous_3)
FN:4,PopoverUI
FN:25,(anonymous_5)
FN:40,(anonymous_6)
FN:80,(anonymous_7)
FN:84,(anonymous_8)
FNF:8
FNH:1
FNDA:1,(anonymous_1)
FNDA:0,(anonymous_2)
FNDA:0,(anonymous_3)
FNDA:0,PopoverUI
FNDA:0,(anonymous_5)
FNDA:0,(anonymous_6)
FNDA:0,(anonymous_7)
FNDA:0,(anonymous_8)
DA:1,1
DA:2,0
DA:3,0
DA:4,2
DA:5,0
DA:6,0
DA:14,0
DA:21,0
DA:22,0
DA:23,0
DA:24,0
DA:25,0
DA:26,0
DA:27,0
DA:28,0
DA:30,0
DA:31,0
DA:33,0
DA:34,0
DA:35,0
DA:40,0
DA:41,0
DA:42,0
DA:43,0
DA:44,0
DA:45,0
DA:46,0
DA:47,0
DA:48,0
DA:49,0
DA:50,0
DA:51,0
DA:52,0
DA:53,0
DA:54,0
DA:55,0
DA:56,0
DA:61,0
DA:62,0
DA:67,0
DA:68,0
DA:73,0
DA:74,0
DA:80,0
DA:81,0
DA:82,0
DA:84,0
DA:85,0
DA:86,0
DA:89,0
DA:92,0
DA:94,0
LF:52
LH:2
BRDA:21,1,0,0
BRDA:21,1,1,0
BRDA:26,2,0,0
BRDA:26,2,1,0
BRDA:30,3,0,0
BRDA:30,3,1,0
BRDA:33,4,0,0
BRDA:33,4,1,0
BRDA:44,5,0,0
BRDA:44,5,1,0
BRDA:45,6,0,0
BRDA:45,6,1,0
BRDA:55,7,0,0
BRDA:55,7,1,0
BRDA:61,8,0,0
BRDA:61,8,1,0
BRDA:67,9,0,0
BRDA:67,9,1,0
BRDA:73,10,0,0
BRDA:73,10,1,0
BRDA:85,11,0,0
BRDA:85,11,1,0
BRF:22
BRH:0
end_of_record
TN:
SF:/Users/lqez/Dev/summernote/src/js/lite/ui/TooltipUI.js
FN:1,(anonymous_1)
FN:1,(anonymous_2)
FN:3,(anonymous_3)
FN:4,TooltipUI
FN:24,(anonymous_5)
FN:38,(anonymous_6)
FN:77,(anonymous_7)
FN:81,(anonymous_8)
FNF:8
FNH:1
FNDA:1,(anonymous_1)
FNDA:0,(anonymous_2)
FNDA:0,(anonymous_3)
FNDA:0,TooltipUI
FNDA:0,(anonymous_5)
FNDA:0,(anonymous_6)
FNDA:0,(anonymous_7)
FNDA:0,(anonymous_8)
DA:1,1
DA:2,0
DA:3,0
DA:4,2
DA:5,0
DA:6,0
DA:13,0
DA:20,0
DA:21,0
DA:22,0
DA:23,0
DA:24,0
DA:25,0
DA:26,0
DA:27,0
DA:29,0
DA:30,0
DA:32,0
DA:33,0
DA:38,0
DA:39,0
DA:40,0
DA:41,0
DA:42,0
DA:43,0
DA:44,0
DA:45,0
DA:46,0
DA:47,0
DA:48,0
DA:49,0
DA:50,0
DA:51,0
DA:52,0
DA:53,0
DA:58,0
DA:59,0
DA:64,0
DA:65,0
DA:70,0
DA:71,0
DA:77,0
DA:78,0
DA:79,0
DA:81,0
DA:82,0
DA:83,0
DA:86,0
DA:89,0
DA:91,0
LF:50
LH:2
BRDA:20,1,0,0
BRDA:20,1,1,0
BRDA:25,2,0,0
BRDA:25,2,1,0
BRDA:29,3,0,0
BRDA:29,3,1,0
BRDA:32,4,0,0
BRDA:32,4,1,0
BRDA:42,5,0,0
BRDA:42,5,1,0
BRDA:42,5,2,0
BRDA:43,6,0,0
BRDA:43,6,1,0
BRDA:52,7,0,0
BRDA:52,7,1,0
BRDA:58,8,0,0
BRDA:58,8,1,0
BRDA:64,9,0,0
BRDA:64,9,1,0
BRDA:70,10,0,0
BRDA:70,10,1,0
BRDA:82,11,0,0
BRDA:82,11,1,0
BRF:23
BRH:0
end_of_record
TN:
SF:/Users/lqez/Dev/summernote/src/js/summernote.js
FN:1,(anonymous_1)
FN:1,(anonymous_2)
FN:14,(anonymous_3)
FN:23,(anonymous_4)
FNF:4
FNH:2
FNDA:1,(anonymous_1)
FNDA:1,(anonymous_2)
FNDA:0,(anonymous_3)
FNDA:0,(anonymous_4)
DA:1,1
DA:2,1
DA:3,1
DA:4,1
DA:5,1
DA:6,1
DA:7,1
DA:15,0
DA:16,0
DA:17,0
DA:18,0
DA:20,0
DA:21,0
DA:22,0
DA:23,0
DA:24,0
DA:25,0
DA:26,0
DA:27,0
DA:28,0
DA:31,0
DA:32,0
DA:33,0
DA:34,0
DA:35,0
DA:37,0
DA:38,0
DA:41,0
LF:28
LH:7
BRDA:18,1,0,0
BRDA:18,1,1,0
BRDA:22,2,0,0
BRDA:22,2,1,0
BRDA:25,3,0,0
BRDA:25,3,1,0
BRDA:32,4,0,0
BRDA:32,4,1,0
BRDA:34,5,0,0
BRDA:34,5,1,0
BRDA:37,6,0,0
BRDA:37,6,1,0
BRF:12
BRH:0
end_of_record
TN:
SF:/Users/lqez/Dev/summernote/test/base/Context.spec.js
FN:1,(anonymous_1)
FN:1,(anonymous_2)
FN:22,(anonymous_3)
FN:23,(anonymous_4)
FN:36,(anonymous_5)
FN:46,(anonymous_6)
FN:48,(anonymous_7)
FN:51,(anonymous_8)
FN:56,(anonymous_9)
FN:63,(anonymous_10)
FNF:10
FNH:10
FNDA:1,(anonymous_1)
FNDA:1,(anonymous_2)
FNDA:1,(anonymous_3)
FNDA:1,(anonymous_4)
FNDA:1,(anonymous_5)
FNDA:1,(anonymous_6)
FNDA:3,(anonymous_7)
FNDA:1,(anonymous_8)
FNDA:1,(anonymous_9)
FNDA:1,(anonymous_10)
DA:1,1
DA:2,1
DA:8,1
DA:9,1
DA:11,1
DA:12,1
DA:13,1
DA:14,1
DA:15,1
DA:16,1
DA:17,1
DA:19,1
DA:20,1
DA:21,1
DA:22,1
DA:23,1
DA:24,1
DA:25,1
DA:26,1
DA:27,1
DA:28,1
DA:31,1
DA:32,1
DA:33,1
DA:36,1
DA:37,1
DA:38,1
DA:39,1
DA:40,1
DA:41,1
DA:42,1
DA:43,1
DA:46,1
DA:47,1
DA:48,1
DA:49,3
DA:51,1
DA:52,1
DA:53,1
DA:54,1
DA:56,1
DA:57,1
DA:58,1
DA:59,1
DA:60,1
DA:61,1
DA:63,1
DA:64,1
DA:65,1
DA:66,1
DA:67,1
DA:68,1
LF:52
LH:52
BRDA:31,1,0,1
BRDA:31,1,1,0
BRF:2
BRH:1
end_of_record
TN:
SF:/Users/lqez/Dev/summernote/test/base/core/func.spec.js
FN:1,(anonymous_1)
FN:1,(anonymous_2)
FN:11,(anonymous_3)
FN:12,(anonymous_4)
FN:13,(anonymous_5)
FN:17,(anonymous_6)
FN:18,(anonymous_7)
FN:21,(anonymous_8)
FN:25,(anonymous_9)
FN:26,(anonymous_10)
FN:29,(anonymous_11)
FN:33,(anonymous_12)
FN:34,(anonymous_13)
FN:38,(anonymous_14)
FN:39,(anonymous_15)
FN:43,(anonymous_16)
FN:44,(anonymous_17)
FN:49,(anonymous_18)
FN:50,(anonymous_19)
FN:56,(anonymous_20)
FN:57,(anonymous_21)
FN:62,(anonymous_22)
FN:63,(anonymous_23)
FN:69,(anonymous_24)
FN:70,(anonymous_25)
FN:75,(anonymous_26)
FN:76,(anonymous_27)
FN:79,(anonymous_28)
FN:83,(anonymous_29)
FN:84,(anonymous_30)
FN:86,(anonymous_31)
FN:93,(anonymous_32)
FN:95,(anonymous_33)
FN:99,(anonymous_34)
FN:104,(anonymous_35)
FN:106,(anonymous_36)
FN:112,(anonymous_37)
FN:118,(anonymous_38)
FN:119,(anonymous_39)
FN:124,(anonymous_40)
FNF:40
FNH:40
FNDA:1,(anonymous_1)
FNDA:1,(anonymous_2)
FNDA:1,(anonymous_3)
FNDA:1,(anonymous_4)
FNDA:1,(anonymous_5)
FNDA:1,(anonymous_6)
FNDA:1,(anonymous_7)
FNDA:1,(anonymous_8)
FNDA:1,(anonymous_9)
FNDA:1,(anonymous_10)
FNDA:1,(anonymous_11)
FNDA:1,(anonymous_12)
FNDA:1,(anonymous_13)
FNDA:1,(anonymous_14)
FNDA:1,(anonymous_15)
FNDA:1,(anonymous_16)
FNDA:1,(anonymous_17)
FNDA:1,(anonymous_18)
FNDA:1,(anonymous_19)
FNDA:1,(anonymous_20)
FNDA:1,(anonymous_21)
FNDA:1,(anonymous_22)
FNDA:1,(anonymous_23)
FNDA:1,(anonymous_24)
FNDA:1,(anonymous_25)
FNDA:1,(anonymous_26)
FNDA:1,(anonymous_27)
FNDA:1,(anonymous_28)
FNDA:1,(anonymous_29)
FNDA:1,(anonymous_30)
FNDA:1,(anonymous_31)
FNDA:1,(anonymous_32)
FNDA:1,(anonymous_33)
FNDA:1,(anonymous_34)
FNDA:1,(anonymous_35)
FNDA:1,(anonymous_36)
FNDA:1,(anonymous_37)
FNDA:1,(anonymous_38)
FNDA:1,(anonymous_39)
FNDA:1,(anonymous_40)
DA:1,1
DA:2,1
DA:8,1
DA:9,1
DA:10,1
DA:11,1
DA:12,1
DA:13,1
DA:14,1
DA:17,1
DA:18,1
DA:19,1
DA:21,1
DA:22,1
DA:25,1
DA:26,1
DA:27,1
DA:29,1
DA:30,1
DA:33,1
DA:34,1
DA:35,1
DA:38,1
DA:39,1
DA:40,1
DA:43,1
DA:44,1
DA:45,1
DA:46,1
DA:49,1
DA:50,1
DA:51,1
DA:52,1
DA:53,1
DA:56,1
DA:57,1
DA:58,1
DA:59,1
DA:62,1
DA:63,1
DA:64,1
DA:65,1
DA:66,1
DA:69,1
DA:70,1
DA:71,1
DA:75,1
DA:76,1
DA:77,1
DA:79,1
DA:80,1
DA:83,1
DA:84,1
DA:85,1
DA:86,1
DA:87,1
DA:89,1
DA:90,1
DA:91,1
DA:93,1
DA:94,1
DA:95,1
DA:96,1
DA:98,1
DA:99,1
DA:100,1
DA:101,1
DA:104,1
DA:105,1
DA:106,1
DA:107,1
DA:109,1
DA:110,1
DA:111,1
DA:112,1
DA:113,1
DA:114,1
DA:118,1
DA:119,1
DA:120,1
DA:121,1
DA:122,1
DA:124,1
DA:125,1
LF:84
LH:84
BRF:0
BRH:0
end_of_record
TN:
SF:/Users/lqez/Dev/summernote/test/base/core/key.spec.js
FN:1,(anonymous_1)
FN:1,(anonymous_2)
FN:11,(anonymous_3)
FN:12,(anonymous_4)
FN:13,(anonymous_5)
FN:16,(anonymous_6)
FN:20,(anonymous_7)
FN:21,(anonymous_8)
FNF:8
FNH:8
FNDA:1,(anonymous_1)
FNDA:1,(anonymous_2)
FNDA:1,(anonymous_3)
FNDA:1,(anonymous_4)
FNDA:1,(anonymous_5)
FNDA:1,(anonymous_6)
FNDA:1,(anonymous_7)
FNDA:1,(anonymous_8)
DA:1,1
DA:2,1
DA:8,1
DA:9,1
DA:10,1
DA:11,1
DA:12,1
DA:13,1
DA:14,1
DA:16,1
DA:17,1
DA:20,1
DA:21,1
DA:22,1
LF:14
LH:14
BRF:0
BRH:0
end_of_record
TN:
SF:/Users/lqez/Dev/summernote/test/base/core/lists.spec.js
FN:1,(anonymous_1)
FN:1,(anonymous_2)
FN:12,(anonymous_3)
FN:13,(anonymous_4)
FN:14,(anonymous_5)
FN:18,(anonymous_6)
FN:19,(anonymous_7)
FN:23,(anonymous_8)
FN:24,(anonymous_9)
FN:28,(anonymous_10)
FN:29,(anonymous_11)
FN:33,isEven
FN:36,(anonymous_13)
FN:37,(anonymous_14)
FN:41,(anonymous_15)
FN:42,(anonymous_16)
FN:45,(anonymous_17)
FN:49,(anonymous_18)
FN:50,(anonymous_19)
FN:53,(anonymous_20)
FN:57,(anonymous_21)
FN:58,(anonymous_22)
FN:61,(anonymous_23)
FN:62,(anonymous_24)
FN:66,(anonymous_25)
FN:67,(anonymous_26)
FN:77,(anonymous_27)
FN:78,(anonymous_28)
FN:79,(anonymous_29)
FN:84,(anonymous_30)
FN:85,(anonymous_31)
FN:91,(anonymous_32)
FN:92,(anonymous_33)
FN:96,(anonymous_34)
FN:97,(anonymous_35)
FNF:35
FNH:35
FNDA:1,(anonymous_1)
FNDA:1,(anonymous_2)
FNDA:1,(anonymous_3)
FNDA:1,(anonymous_4)
FNDA:1,(anonymous_5)
FNDA:1,(anonymous_6)
FNDA:1,(anonymous_7)
FNDA:1,(anonymous_8)
FNDA:1,(anonymous_9)
FNDA:1,(anonymous_10)
FNDA:1,(anonymous_11)
FNDA:5,isEven
FNDA:1,(anonymous_13)
FNDA:1,(anonymous_14)
FNDA:1,(anonymous_15)
FNDA:1,(anonymous_16)
FNDA:1,(anonymous_17)
FNDA:1,(anonymous_18)
FNDA:1,(anonymous_19)
FNDA:1,(anonymous_20)
FNDA:1,(anonymous_21)
FNDA:1,(anonymous_22)
FNDA:1,(anonymous_23)
FNDA:3,(anonymous_24)
FNDA:1,(anonymous_25)
FNDA:1,(anonymous_26)
FNDA:1,(anonymous_27)
FNDA:1,(anonymous_28)
FNDA:4,(anonymous_29)
FNDA:1,(anonymous_30)
FNDA:4,(anonymous_31)
FNDA:1,(anonymous_32)
FNDA:1,(anonymous_33)
FNDA:1,(anonymous_34)
FNDA:1,(anonymous_35)
DA:1,1
DA:2,1
DA:8,1
DA:9,1
DA:10,1
DA:11,1
DA:12,1
DA:13,1
DA:14,1
DA:15,1
DA:18,1
DA:19,1
DA:20,1
DA:23,1
DA:24,1
DA:25,1
DA:28,1
DA:29,1
DA:30,1
DA:33,2
DA:34,5
DA:36,1
DA:37,1
DA:38,1
DA:41,1
DA:42,1
DA:43,1
DA:45,1
DA:46,1
DA:49,1
DA:50,1
DA:51,1
DA:53,1
DA:54,1
DA:57,1
DA:58,1
DA:59,1
DA:61,1
DA:62,3
DA:63,1
DA:66,1
DA:67,1
DA:68,1
DA:69,1
DA:70,1
DA:71,1
DA:72,1
DA:73,1
DA:74,1
DA:77,1
DA:78,1
DA:79,1
DA:80,4
DA:82,1
DA:84,1
DA:85,1
DA:86,4
DA:88,1
DA:91,1
DA:92,1
DA:93,1
DA:96,1
DA:97,1
DA:98,1
LF:64
LH:64
BRF:0
BRH:0
end_of_record
TN:
SF:/Users/lqez/Dev/summernote/test/base/editing/style.spec.js
FN:1,(anonymous_1)
FN:1,(anonymous_2)
FN:13,(anonymous_3)
FN:15,(anonymous_4)
FN:16,(anonymous_5)
FN:23,(anonymous_6)
FN:30,(anonymous_7)
FN:37,(anonymous_8)
FN:44,(anonymous_9)
FN:52,(anonymous_10)
FN:60,(anonymous_11)
FN:67,(anonymous_12)
FNF:12
FNH:12
FNDA:1,(anonymous_1)
FNDA:1,(anonymous_2)
FNDA:1,(anonymous_3)
FNDA:1,(anonymous_4)
FNDA:1,(anonymous_5)
FNDA:1,(anonymous_6)
FNDA:1,(anonymous_7)
FNDA:1,(anonymous_8)
FNDA:1,(anonymous_9)
FNDA:1,(anonymous_10)
FNDA:1,(anonymous_11)
FNDA:1,(anonymous_12)
DA:1,1
DA:7,1
DA:8,1
DA:9,1
DA:10,1
DA:11,1
DA:12,1
DA:13,1
DA:14,1
DA:15,1
DA:16,1
DA:17,1
DA:18,1
DA:19,1
DA:20,1
DA:21,1
DA:23,1
DA:24,1
DA:25,1
DA:26,1
DA:27,1
DA:28,1
DA:30,1
DA:31,1
DA:32,1
DA:33,1
DA:34,1
DA:35,1
DA:37,1
DA:38,1
DA:39,1
DA:40,1
DA:41,1
DA:42,1
DA:44,1
DA:45,1
DA:46,1
DA:47,1
DA:48,1
DA:49,1
DA:50,1
DA:52,1
DA:53,1
DA:54,1
DA:55,1
DA:56,1
DA:57,1
DA:58,1
DA:60,1
DA:61,1
DA:62,1
DA:63,1
DA:64,1
DA:65,1
DA:67,1
DA:68,1
DA:69,1
DA:70,1
DA:71,1
DA:72,1
LF:60
LH:60
BRF:0
BRH:0
end_of_record
TN:
SF:/Users/lqez/Dev/summernote/test/base/editing/Typing.spec.js
FN:1,(anonymous_1)
FN:1,(anonymous_2)
FN:15,(anonymous_3)
FN:16,typing
FN:19,(anonymous_5)
FN:20,(anonymous_6)
FN:21,(anonymous_7)
FN:23,check
FN:26,(anonymous_9)
FN:29,(anonymous_10)
FN:33,(anonymous_11)
FN:37,(anonymous_12)
FN:41,(anonymous_13)
FN:45,(anonymous_14)
FN:49,(anonymous_15)
FNF:15
FNH:15
FNDA:1,(anonymous_1)
FNDA:1,(anonymous_2)
FNDA:1,(anonymous_3)
FNDA:6,typing
FNDA:1,(anonymous_5)
FNDA:1,(anonymous_6)
FNDA:1,(anonymous_7)
FNDA:6,check
FNDA:6,(anonymous_9)
FNDA:1,(anonymous_10)
FNDA:1,(anonymous_11)
FNDA:1,(anonymous_12)
FNDA:1,(anonymous_13)
FNDA:1,(anonymous_14)
FNDA:1,(anonymous_15)
DA:1,1
DA:2,1
DA:10,1
DA:11,1
DA:12,1
DA:13,1
DA:14,1
DA:15,1
DA:16,2
DA:17,6
DA:19,1
DA:20,1
DA:21,1
DA:22,1
DA:23,2
DA:24,6
DA:26,1
DA:27,6
DA:29,1
DA:30,1
DA:31,1
DA:33,1
DA:34,1
DA:35,1
DA:37,1
DA:38,1
DA:39,1
DA:41,1
DA:42,1
DA:43,1
DA:45,1
DA:46,1
DA:47,1
DA:49,1
DA:50,1
DA:51,1
LF:36
LH:36
BRF:0
BRH:0
end_of_record
TN:
SF:/Users/lqez/Dev/summernote/test/base/module/Codeview.spec.js
FN:1,(anonymous_1)
FN:1,(anonymous_2)
FN:13,(anonymous_3)
FN:16,(anonymous_4)
FN:22,(anonymous_5)
FN:29,(anonymous_6)
FN:35,(anonymous_7)
FNF:7
FNH:7
FNDA:1,(anonymous_1)
FNDA:1,(anonymous_2)
FNDA:1,(anonymous_3)
FNDA:3,(anonymous_4)
FNDA:1,(anonymous_5)
FNDA:1,(anonymous_6)
FNDA:1,(anonymous_7)
DA:1,1
DA:2,1
DA:8,1
DA:9,1
DA:10,1
DA:11,1
DA:12,1
DA:13,1
DA:14,1
DA:15,1
DA:16,1
DA:17,3
DA:18,3
DA:19,3
DA:20,3
DA:22,1
DA:23,1
DA:24,1
DA:25,1
DA:26,1
DA:27,1
DA:29,1
DA:30,1
DA:31,1
DA:32,1
DA:33,1
DA:35,1
DA:36,1
DA:37,1
DA:38,1
DA:39,1
DA:40,1
DA:41,1
DA:42,1
LF:34
LH:34
BRF:0
BRH:0
end_of_record
TN:
SF:/Users/lqez/Dev/summernote/test/base/module/LinkDialog.spec.js
FN:1,(anonymous_1)
FN:1,(anonymous_2)
FN:14,(anonymous_3)
FN:17,(anonymous_4)
FN:32,(anonymous_5)
FN:33,(anonymous_6)
FN:42,(anonymous_7)
FNF:7
FNH:7
FNDA:1,(anonymous_1)
FNDA:1,(anonymous_2)
FNDA:1,(anonymous_3)
FNDA:2,(anonymous_4)
FNDA:1,(anonymous_5)
FNDA:1,(anonymous_6)
FNDA:1,(anonymous_7)
DA:1,1
DA:2,1
DA:8,1
DA:9,1
DA:10,1
DA:11,1
DA:12,1
DA:13,1
DA:14,1
DA:15,1
DA:16,1
DA:17,1
DA:18,2
DA:19,2
DA:22,2
DA:26,2
DA:27,2
DA:28,2
DA:29,2
DA:30,2
DA:32,1
DA:33,1
DA:34,1
DA:35,1
DA:36,1
DA:37,1
DA:40,1
DA:42,1
DA:43,1
DA:44,1
DA:45,1
DA:46,1
DA:47,1
LF:33
LH:33
BRF:0
BRH:0
end_of_record
TN:
SF:/Users/lqez/Dev/summernote/test/base/module/Fullscreen.spec.js
FN:1,(anonymous_1)
FN:1,(anonymous_2)
FN:13,(anonymous_3)
FN:16,(anonymous_4)
FN:21,(anonymous_5)
FNF:5
FNH:5
FNDA:1,(anonymous_1)
FNDA:1,(anonymous_2)
FNDA:1,(anonymous_3)
FNDA:1,(anonymous_4)
FNDA:1,(anonymous_5)
DA:1,1
DA:7,1
DA:8,1
DA:9,1
DA:10,1
DA:11,1
DA:12,1
DA:13,1
DA:14,1
DA:15,1
DA:16,1
DA:17,1
DA:18,1
DA:19,1
DA:21,1
DA:22,1
DA:23,1
DA:24,1
DA:25,1
DA:26,1
LF:20
LH:20
BRF:0
BRH:0
end_of_record
TN:
SF:/Users/lqez/Dev/summernote/test/base/module/VideoDialog.spec.js
FN:1,(anonymous_1)
FN:1,(anonymous_2)
FN:13,(anonymous_3)
FN:15,expectUrl
FN:22,(anonymous_5)
FN:32,(anonymous_6)
FN:33,(anonymous_7)
FN:38,(anonymous_8)
FN:49,(anonymous_9)
FNF:9
FNH:9
FNDA:1,(anonymous_1)
FNDA:1,(anonymous_2)
FNDA:1,(anonymous_3)
FNDA:6,expectUrl
FNDA:3,(anonymous_5)
FNDA:1,(anonymous_6)
FNDA:1,(anonymous_7)
FNDA:1,(anonymous_8)
FNDA:1,(anonymous_9)
DA:1,1
DA:2,1
DA:8,1
DA:9,1
DA:10,1
DA:11,1
DA:12,1
DA:13,1
DA:14,1
DA:15,2
DA:16,6
DA:17,6
DA:18,6
DA:19,6
DA:21,1
DA:22,1
DA:23,3
DA:24,3
DA:25,3
DA:28,3
DA:29,3
DA:30,3
DA:32,1
DA:33,1
DA:34,1
DA:35,1
DA:36,1
DA:38,1
DA:40,1
DA:42,1
DA:44,1
DA:45,1
DA:47,1
DA:49,1
DA:50,1
LF:35
LH:35
BRF:0
BRH:0
end_of_record
TN:
SF:/Users/lqez/Dev/summernote/src/js/base/settings.js
FN:1,(anonymous_1)
FN:1,(anonymous_2)
FNF:2
FNH:2
FNDA:1,(anonymous_1)
FNDA:1,(anonymous_2)
DA:1,1
DA:2,1
DA:3,1
DA:4,1
DA:5,1
DA:6,1
DA:7,1
DA:8,1
DA:9,1
DA:10,1
DA:11,1
DA:12,1
DA:13,1
DA:14,1
DA:15,1
DA:16,1
DA:17,1
DA:18,1
DA:19,1
DA:20,1
DA:21,1
DA:22,1
DA:23,1
DA:24,1
DA:25,1
DA:26,1
DA:27,1
DA:28,1
DA:29,1
DA:30,1
LF:30
LH:30
BRF:0
BRH:0
end_of_record
TN:
SF:/Users/lqez/Dev/summernote/src/js/bs3/ui.js
FN:1,(anonymous_1)
FN:1,(anonymous_2)
FN:26,(anonymous_3)
FN:27,(anonymous_4)
FN:37,(anonymous_5)
FN:40,(anonymous_6)
FN:41,(anonymous_7)
FN:48,(anonymous_8)
FN:79,(anonymous_9)
FN:106,(anonymous_10)
FN:113,(anonymous_11)
FN:123,(anonymous_12)
FN:146,(anonymous_13)
FN:147,(anonymous_14)
FN:156,(anonymous_15)
FN:162,(anonymous_16)
FN:166,(anonymous_17)
FN:169,(anonymous_18)
FN:172,(anonymous_19)
FN:175,(anonymous_20)
FN:178,(anonymous_21)
FN:181,(anonymous_22)
FN:205,(anonymous_23)
FNF:23
FNH:1
FNDA:1,(anonymous_1)
FNDA:0,(anonymous_2)
FNDA:0,(anonymous_3)
FNDA:0,(anonymous_4)
FNDA:0,(anonymous_5)
FNDA:0,(anonymous_6)
FNDA:0,(anonymous_7)
FNDA:0,(anonymous_8)
FNDA:0,(anonymous_9)
FNDA:0,(anonymous_10)
FNDA:0,(anonymous_11)
FNDA:0,(anonymous_12)
FNDA:0,(anonymous_13)
FNDA:0,(anonymous_14)
FNDA:0,(anonymous_15)
FNDA:0,(anonymous_16)
FNDA:0,(anonymous_17)
FNDA:0,(anonymous_18)
FNDA:0,(anonymous_19)
FNDA:0,(anonymous_20)
FNDA:0,(anonymous_21)
FNDA:0,(anonymous_22)
FNDA:0,(anonymous_23)
DA:1,1
DA:2,0
DA:3,0
DA:4,0
DA:5,0
DA:6,0
DA:7,0
DA:8,0
DA:9,0
DA:10,0
DA:20,0
DA:21,0
DA:25,0
DA:26,0
DA:27,0
DA:28,0
DA:29,0
DA:30,0
DA:31,0
DA:32,0
DA:33,0
DA:35,0
DA:37,0
DA:38,0
DA:40,0
DA:41,0
DA:42,0
DA:43,0
DA:44,0
DA:46,0
DA:48,0
DA:49,0
DA:50,0
DA:51,0
DA:52,0
DA:53,0
DA:54,0
DA:55,0
DA:56,0
DA:57,0
DA:58,0
DA:68,0
DA:70,0
DA:71,0
DA:72,0
DA:79,0
DA:80,0
DA:81,0
DA:83,0
DA:86,0
DA:101,0
DA:107,0
DA:108,0
DA:109,0
DA:110,0
DA:113,0
DA:114,0
DA:123,0
DA:124,0
DA:125,0
DA:127,0
DA:147,0
DA:148,0
DA:149,0
DA:157,0
DA:163,0
DA:164,0
DA:167,0
DA:170,0
DA:173,0
DA:176,0
DA:179,0
DA:182,0
DA:194,0
DA:195,0
DA:206,0
DA:207,0
DA:208,0
DA:211,0
LF:79
LH:1
BRDA:27,1,0,0
BRDA:27,1,1,0
BRDA:28,2,0,0
BRDA:28,2,1,0
BRDA:28,3,0,0
BRDA:28,3,1,0
BRDA:29,4,0,0
BRDA:29,4,1,0
BRDA:30,5,0,0
BRDA:30,5,1,0
BRDA:32,6,0,0
BRDA:32,6,1,0
BRDA:41,7,0,0
BRDA:41,7,1,0
BRDA:42,8,0,0
BRDA:42,8,1,0
BRDA:42,9,0,0
BRDA:42,9,1,0
BRDA:43,10,0,0
BRDA:43,10,1,0
BRDA:71,11,0,0
BRDA:71,11,1,0
BRDA:80,12,0,0
BRDA:80,12,1,0
BRDA:89,13,0,0
BRDA:89,13,1,0
BRDA:95,14,0,0
BRDA:95,14,1,0
BRDA:107,15,0,0
BRDA:107,15,1,0
BRDA:109,16,0,0
BRDA:109,16,1,0
BRDA:115,17,0,0
BRDA:115,17,1,0
BRDA:116,18,0,0
BRDA:116,18,1,0
BRDA:117,19,0,0
BRDA:117,19,1,0
BRDA:118,20,0,0
BRDA:118,20,1,0
BRDA:119,21,0,0
BRDA:119,21,1,0
BRDA:124,22,0,0
BRDA:124,22,1,0
BRDA:148,23,0,0
BRDA:148,23,1,0
BRDA:148,24,0,0
BRDA:148,24,1,0
BRDA:153,25,0,0
BRDA:153,25,1,0
BRDA:182,26,0,0
BRDA:182,26,1,0
BRF:52
BRH:0
end_of_record
TN:
SF:/Users/lqez/Dev/summernote/src/js/bs4/ui.js
FN:1,(anonymous_1)
FN:1,(anonymous_2)
FN:27,(anonymous_3)
FN:28,(anonymous_4)
FN:38,(anonymous_5)
FN:41,(anonymous_6)
FN:42,(anonymous_7)
FN:49,(anonymous_8)
FN:80,(anonymous_9)
FN:107,(anonymous_10)
FN:114,(anonymous_11)
FN:124,(anonymous_12)
FN:147,(anonymous_13)
FN:148,(anonymous_14)
FN:157,(anonymous_15)
FN:163,(anonymous_16)
FN:167,(anonymous_17)
FN:170,(anonymous_18)
FN:173,(anonymous_19)
FN:176,(anonymous_20)
FN:179,(anonymous_21)
FN:182,(anonymous_22)
FN:206,(anonymous_23)
FNF:23
FNH:23
FNDA:1,(anonymous_1)
FNDA:1,(anonymous_2)
FNDA:428,(anonymous_3)
FNDA:783,(anonymous_4)
FNDA:555,(anonymous_5)
FNDA:127,(anonymous_6)
FNDA:1398,(anonymous_7)
FNDA:508,(anonymous_8)
FNDA:390,(anonymous_9)
FNDA:291,(anonymous_10)
FNDA:99,(anonymous_11)
FNDA:4893,(anonymous_12)
FNDA:4080,(anonymous_13)
FNDA:4020,(anonymous_14)
FNDA:15,(anonymous_15)
FNDA:8,(anonymous_16)
FNDA:1054,(anonymous_17)
FNDA:2,(anonymous_18)
FNDA:2,(anonymous_19)
FNDA:2,(anonymous_20)
FNDA:8,(anonymous_21)
FNDA:96,(anonymous_22)
FNDA:1,(anonymous_23)
DA:1,1
DA:2,1
DA:3,1
DA:4,1
DA:5,1
DA:6,1
DA:7,1
DA:8,1
DA:9,1
DA:10,1
DA:21,1
DA:22,1
DA:26,1
DA:27,1
DA:28,428
DA:29,783
DA:30,783
DA:31,783
DA:32,783
DA:33,783
DA:34,783
DA:36,428
DA:38,1
DA:39,555
DA:41,1
DA:42,127
DA:43,1398
DA:44,1398
DA:45,1398
DA:47,127
DA:49,1
DA:50,508
DA:51,508
DA:52,2286
DA:53,2286
DA:54,2286
DA:55,2286
DA:56,2286
DA:57,18288
DA:58,18288
DA:59,18288
DA:69,2286
DA:71,508
DA:72,508
DA:73,508
DA:80,1
DA:81,390
DA:82,0
DA:84,390
DA:87,390
DA:102,1
DA:108,291
DA:109,291
DA:110,291
DA:111,0
DA:114,1
DA:115,99
DA:124,1
DA:125,4893
DA:126,4893
DA:128,1
DA:148,4080
DA:149,4020
DA:150,4020
DA:158,15
DA:164,8
DA:165,8
DA:168,1054
DA:171,2
DA:174,2
DA:177,2
DA:180,8
DA:183,96
DA:195,96
DA:196,96
DA:207,1
DA:208,1
DA:209,1
DA:212,1
LF:79
LH:77
BRDA:28,1,0,87
BRDA:28,1,1,341
BRDA:29,2,0,696
BRDA:29,2,1,87
BRDA:29,3,0,87
BRDA:29,3,1,0
BRDA:30,4,0,783
BRDA:30,4,1,0
BRDA:31,5,0,87
BRDA:31,5,1,696
BRDA:33,6,0,0
BRDA:33,6,1,783
BRDA:42,7,0,127
BRDA:42,7,1,0
BRDA:43,8,0,1398
BRDA:43,8,1,0
BRDA:43,9,0,0
BRDA:43,9,1,0
BRDA:44,10,0,1038
BRDA:44,10,1,360
BRDA:72,11,0,508
BRDA:72,11,1,0
BRDA:81,12,0,0
BRDA:81,12,1,390
BRDA:90,13,0,390
BRDA:90,13,1,0
BRDA:96,14,0,390
BRDA:96,14,1,0
BRDA:108,15,0,0
BRDA:108,15,1,291
BRDA:110,16,0,0
BRDA:110,16,1,291
BRDA:116,17,0,0
BRDA:116,17,1,99
BRDA:117,18,0,0
BRDA:117,18,1,99
BRDA:118,19,0,99
BRDA:118,19,1,0
BRDA:119,20,0,99
BRDA:119,20,1,0
BRDA:120,21,0,99
BRDA:120,21,1,0
BRDA:121,22,0,99
BRDA:121,22,1,0
BRDA:125,23,0,4893
BRDA:125,23,1,4893
BRDA:149,24,0,4020
BRDA:149,24,1,0
BRDA:149,25,0,4020
BRDA:149,25,1,4020
BRDA:154,26,0,4020
BRDA:154,26,1,0
BRDA:183,27,0,0
BRDA:183,27,1,96
BRF:54
BRH:32
end_of_record
TN:
SF:/Users/lqez/Dev/summernote/test/base/core/dom.spec.js
FN:1,(anonymous_1)
FN:1,(anonymous_2)
FN:15,(anonymous_3)
FN:16,(anonymous_4)
FN:18,(anonymous_5)
FN:24,(anonymous_6)
FN:27,(anonymous_7)
FN:30,(anonymous_8)
FN:33,(anonymous_9)
FN:37,(anonymous_10)
FN:39,(anonymous_11)
FN:46,(anonymous_12)
FN:47,(anonymous_13)
FN:50,(anonymous_14)
FN:51,(anonymous_15)
FN:55,(anonymous_16)
FN:57,(anonymous_17)
FN:64,(anonymous_18)
FN:67,(anonymous_19)
FN:68,(anonymous_20)
FN:74,(anonymous_21)
FN:76,(anonymous_22)
FN:84,(anonymous_23)
FN:87,(anonymous_24)
FN:91,(anonymous_25)
FN:93,(anonymous_26)
FN:99,(anonymous_27)
FN:102,(anonymous_28)
FN:105,(anonymous_29)
FN:109,(anonymous_30)
FN:111,(anonymous_31)
FN:118,(anonymous_32)
FN:121,(anonymous_33)
FN:124,(anonymous_34)
FN:128,(anonymous_35)
FN:130,(anonymous_36)
FN:137,(anonymous_37)
FN:143,(anonymous_38)
FN:147,(anonymous_39)
FN:149,(anonymous_40)
FN:156,(anonymous_41)
FN:159,(anonymous_42)
FN:163,(anonymous_43)
FN:167,(anonymous_44)
FN:171,(anonymous_45)
FN:176,(anonymous_46)
FN:178,(anonymous_47)
FN:185,(anonymous_48)
FN:187,(anonymous_49)
FN:194,(anonymous_50)
FN:196,(anonymous_51)
FN:200,(anonymous_52)
FN:201,(anonymous_53)
FN:207,(anonymous_54)
FN:213,(anonymous_55)
FN:219,(anonymous_56)
FN:225,(anonymous_57)
FN:231,(anonymous_58)
FN:238,(anonymous_59)
FN:239,(anonymous_60)
FN:245,(anonymous_61)
FN:251,(anonymous_62)
FN:257,(anonymous_63)
FN:262,(anonymous_64)
FN:267,(anonymous_65)
FN:275,(anonymous_66)
FN:276,(anonymous_67)
FNF:67
FNH:67
FNDA:1,(anonymous_1)
FNDA:1,(anonymous_2)
FNDA:1,(anonymous_3)
FNDA:1,(anonymous_4)
FNDA:1,(anonymous_5)
FNDA:1,(anonymous_6)
FNDA:1,(anonymous_7)
FNDA:1,(anonymous_8)
FNDA:1,(anonymous_9)
FNDA:1,(anonymous_10)
FNDA:1,(anonymous_11)
FNDA:1,(anonymous_12)
FNDA:4,(anonymous_13)
FNDA:1,(anonymous_14)
FNDA:2,(anonymous_15)
FNDA:1,(anonymous_16)
FNDA:1,(anonymous_17)
FNDA:1,(anonymous_18)
FNDA:1,(anonymous_19)
FNDA:4,(anonymous_20)
FNDA:1,(anonymous_21)
FNDA:1,(anonymous_22)
FNDA:1,(anonymous_23)
FNDA:1,(anonymous_24)
FNDA:1,(anonymous_25)
FNDA:1,(anonymous_26)
FNDA:1,(anonymous_27)
FNDA:1,(anonymous_28)
FNDA:1,(anonymous_29)
FNDA:1,(anonymous_30)
FNDA:1,(anonymous_31)
FNDA:1,(anonymous_32)
FNDA:1,(anonymous_33)
FNDA:1,(anonymous_34)
FNDA:1,(anonymous_35)
FNDA:1,(anonymous_36)
FNDA:1,(anonymous_37)
FNDA:1,(anonymous_38)
FNDA:1,(anonymous_39)
FNDA:1,(anonymous_40)
FNDA:1,(anonymous_41)
FNDA:1,(anonymous_42)
FNDA:1,(anonymous_43)
FNDA:1,(anonymous_44)
FNDA:1,(anonymous_45)
FNDA:1,(anonymous_46)
FNDA:1,(anonymous_47)
FNDA:1,(anonymous_48)
FNDA:4,(anonymous_49)
FNDA:1,(anonymous_50)
FNDA:12,(anonymous_51)
FNDA:1,(anonymous_52)
FNDA:1,(anonymous_53)
FNDA:1,(anonymous_54)
FNDA:1,(anonymous_55)
FNDA:1,(anonymous_56)
FNDA:1,(anonymous_57)
FNDA:1,(anonymous_58)
FNDA:1,(anonymous_59)
FNDA:1,(anonymous_60)
FNDA:1,(anonymous_61)
FNDA:1,(anonymous_62)
FNDA:1,(anonymous_63)
FNDA:1,(anonymous_64)
FNDA:1,(anonymous_65)
FNDA:1,(anonymous_66)
FNDA:1,(anonymous_67)
DA:1,1
DA:2,1
DA:8,1
DA:9,1
DA:10,1
DA:11,1
DA:12,1
DA:13,1
DA:14,1
DA:15,1
DA:16,1
DA:17,1
DA:18,1
DA:20,1
DA:21,1
DA:22,1
DA:24,1
DA:25,1
DA:27,1
DA:28,1
DA:30,1
DA:31,1
DA:33,1
DA:34,1
DA:37,1
DA:38,1
DA:39,1
DA:40,1
DA:41,1
DA:42,1
DA:43,1
DA:44,1
DA:46,1
DA:47,4
DA:48,1
DA:50,1
DA:51,2
DA:52,1
DA:55,1
DA:56,1
DA:57,1
DA:58,1
DA:59,1
DA:60,1
DA:61,1
DA:62,1
DA:64,1
DA:65,1
DA:67,1
DA:68,1
DA:69,4
DA:71,1
DA:74,1
DA:75,1
DA:76,1
DA:77,1
DA:78,1
DA:79,1
DA:80,1
DA:81,1
DA:82,1
DA:84,1
DA:85,1
DA:87,1
DA:88,1
DA:91,1
DA:92,1
DA:93,1
DA:94,1
DA:95,1
DA:96,1
DA:97,1
DA:99,1
DA:100,1
DA:102,1
DA:103,1
DA:105,1
DA:106,1
DA:109,1
DA:110,1
DA:111,1
DA:112,1
DA:113,1
DA:114,1
DA:115,1
DA:116,1
DA:118,1
DA:119,1
DA:121,1
DA:122,1
DA:124,1
DA:125,1
DA:128,1
DA:129,1
DA:130,1
DA:131,1
DA:132,1
DA:133,1
DA:134,1
DA:135,1
DA:137,1
DA:138,1
DA:139,1
DA:140,1
DA:141,1
DA:143,1
DA:144,1
DA:147,1
DA:148,1
DA:149,1
DA:150,1
DA:151,1
DA:152,1
DA:153,1
DA:154,1
DA:156,1
DA:157,1
DA:159,1
DA:160,1
DA:161,1
DA:163,1
DA:164,1
DA:165,1
DA:167,1
DA:168,1
DA:169,1
DA:171,1
DA:172,1
DA:173,1
DA:176,1
DA:177,1
DA:178,1
DA:179,1
DA:180,1
DA:181,1
DA:182,1
DA:183,1
DA:185,1
DA:186,1
DA:187,1
DA:188,4
DA:189,4
DA:190,4
DA:194,1
DA:195,1
DA:196,1
DA:197,12
DA:198,12
DA:200,1
DA:201,1
DA:202,1
DA:203,1
DA:204,1
DA:205,1
DA:207,1
DA:208,1
DA:209,1
DA:210,1
DA:211,1
DA:213,1
DA:214,1
DA:215,1
DA:216,1
DA:217,1
DA:219,1
DA:220,1
DA:221,1
DA:222,1
DA:223,1
DA:225,1
DA:226,1
DA:227,1
DA:228,1
DA:229,1
DA:231,1
DA:232,1
DA:233,1
DA:234,1
DA:235,1
DA:238,1
DA:239,1
DA:240,1
DA:241,1
DA:242,1
DA:243,1
DA:245,1
DA:246,1
DA:247,1
DA:248,1
DA:249,1
DA:251,1
DA:252,1
DA:253,1
DA:254,1
DA:255,1
DA:257,1
DA:258,1
DA:259,1
DA:260,1
DA:262,1
DA:263,1
DA:264,1
DA:265,1
DA:267,1
DA:268,1
DA:269,1
DA:270,1
DA:271,1
DA:275,1
DA:276,1
DA:277,1
DA:278,1
DA:279,1
DA:280,1
DA:281,1
LF:215
LH:215
BRDA:69,1,0,4
BRDA:69,1,1,3
BRF:2
BRH:2
end_of_record
TN:
SF:/Users/lqez/Dev/summernote/test/base/core/range.spec.js
FN:1,(anonymous_1)
FN:1,(anonymous_2)
FN:15,(anonymous_3)
FN:16,(anonymous_4)
FN:17,(anonymous_5)
FN:19,(anonymous_6)
FN:23,(anonymous_7)
FN:27,(anonymous_8)
FN:32,(anonymous_9)
FN:33,(anonymous_10)
FN:40,(anonymous_11)
FN:41,(anonymous_12)
FN:47,(anonymous_13)
FN:56,(anonymous_14)
FN:58,(anonymous_15)
FN:61,(anonymous_16)
FN:68,(anonymous_17)
FN:74,(anonymous_18)
FN:75,(anonymous_19)
FN:86,(anonymous_20)
FN:87,(anonymous_21)
FN:98,(anonymous_22)
FN:100,(anonymous_23)
FN:103,(anonymous_24)
FN:113,(anonymous_25)
FN:122,(anonymous_26)
FN:132,(anonymous_27)
FN:141,(anonymous_28)
FN:142,(anonymous_29)
FN:151,(anonymous_30)
FN:160,(anonymous_31)
FN:170,(anonymous_32)
FN:171,(anonymous_33)
FN:181,(anonymous_34)
FN:191,(anonymous_35)
FN:192,(anonymous_36)
FN:200,(anonymous_37)
FN:208,(anonymous_38)
FN:217,(anonymous_39)
FN:218,(anonymous_40)
FN:226,(anonymous_41)
FN:234,(anonymous_42)
FN:243,(anonymous_43)
FN:245,(anonymous_44)
FN:249,(anonymous_45)
FN:254,(anonymous_46)
FN:260,(anonymous_47)
FN:261,(anonymous_48)
FN:267,(anonymous_49)
FN:273,(anonymous_50)
FN:280,(anonymous_51)
FN:286,(anonymous_52)
FN:292,(anonymous_53)
FN:299,(anonymous_54)
FN:301,(anonymous_55)
FN:304,(anonymous_56)
FN:311,(anonymous_57)
FN:318,(anonymous_58)
FN:325,(anonymous_59)
FNF:59
FNH:59
FNDA:1,(anonymous_1)
FNDA:1,(anonymous_2)
FNDA:1,(anonymous_3)
FNDA:1,(anonymous_4)
FNDA:1,(anonymous_5)
FNDA:1,(anonymous_6)
FNDA:1,(anonymous_7)
FNDA:1,(anonymous_8)
FNDA:1,(anonymous_9)
FNDA:1,(anonymous_10)
FNDA:1,(anonymous_11)
FNDA:1,(anonymous_12)
FNDA:1,(anonymous_13)
FNDA:1,(anonymous_14)
FNDA:1,(anonymous_15)
FNDA:1,(anonymous_16)
FNDA:1,(anonymous_17)
FNDA:1,(anonymous_18)
FNDA:1,(anonymous_19)
FNDA:1,(anonymous_20)
FNDA:1,(anonymous_21)
FNDA:1,(anonymous_22)
FNDA:1,(anonymous_23)
FNDA:1,(anonymous_24)
FNDA:1,(anonymous_25)
FNDA:1,(anonymous_26)
FNDA:1,(anonymous_27)
FNDA:1,(anonymous_28)
FNDA:1,(anonymous_29)
FNDA:1,(anonymous_30)
FNDA:1,(anonymous_31)
FNDA:1,(anonymous_32)
FNDA:1,(anonymous_33)
FNDA:1,(anonymous_34)
FNDA:1,(anonymous_35)
FNDA:1,(anonymous_36)
FNDA:1,(anonymous_37)
FNDA:1,(anonymous_38)
FNDA:1,(anonymous_39)
FNDA:1,(anonymous_40)
FNDA:1,(anonymous_41)
FNDA:1,(anonymous_42)
FNDA:1,(anonymous_43)
FNDA:2,(anonymous_44)
FNDA:1,(anonymous_45)
FNDA:1,(anonymous_46)
FNDA:1,(anonymous_47)
FNDA:1,(anonymous_48)
FNDA:1,(anonymous_49)
FNDA:1,(anonymous_50)
FNDA:1,(anonymous_51)
FNDA:1,(anonymous_52)
FNDA:1,(anonymous_53)
FNDA:1,(anonymous_54)
FNDA:1,(anonymous_55)
FNDA:1,(anonymous_56)
FNDA:1,(anonymous_57)
FNDA:1,(anonymous_58)
FNDA:1,(anonymous_59)
DA:1,1
DA:7,1
DA:8,1
DA:9,1
DA:10,1
DA:11,1
DA:12,1
DA:13,1
DA:14,1
DA:15,1
DA:16,1
DA:17,1
DA:18,1
DA:19,1
DA:20,1
DA:21,1
DA:23,1
DA:24,1
DA:25,1
DA:27,1
DA:28,1
DA:29,1
DA:32,1
DA:33,1
DA:34,1
DA:35,1
DA:36,1
DA:37,1
DA:40,1
DA:41,1
DA:42,1
DA:43,1
DA:44,1
DA:45,1
DA:47,1
DA:48,1
DA:49,1
DA:50,1
DA:51,1
DA:52,1
DA:56,1
DA:57,1
DA:58,1
DA:59,1
DA:61,1
DA:62,1
DA:63,1
DA:64,1
DA:65,1
DA:66,1
DA:68,1
DA:69,1
DA:70,1
DA:71,1
DA:74,1
DA:75,1
DA:76,1
DA:77,1
DA:78,1
DA:79,1
DA:80,1
DA:81,1
DA:82,1
DA:83,1
DA:86,1
DA:87,1
DA:88,1
DA:89,1
DA:90,1
DA:91,1
DA:92,1
DA:93,1
DA:94,1
DA:95,1
DA:98,1
DA:99,1
DA:100,1
DA:101,1
DA:103,1
DA:104,1
DA:105,1
DA:106,1
DA:107,1
DA:108,1
DA:109,1
DA:110,1
DA:111,1
DA:113,1
DA:114,1
DA:115,1
DA:116,1
DA:117,1
DA:118,1
DA:119,1
DA:120,1
DA:122,1
DA:123,1
DA:124,1
DA:125,1
DA:126,1
DA:127,1
DA:128,1
DA:129,1
DA:130,1
DA:132,1
DA:133,1
DA:134,1
DA:135,1
DA:136,1
DA:137,1
DA:138,1
DA:141,1
DA:142,1
DA:143,1
DA:144,1
DA:145,1
DA:146,1
DA:147,1
DA:148,1
DA:149,1
DA:151,1
DA:152,1
DA:153,1
DA:154,1
DA:155,1
DA:156,1
DA:157,1
DA:158,1
DA:160,1
DA:161,1
DA:162,1
DA:163,1
DA:164,1
DA:165,1
DA:166,1
DA:167,1
DA:170,1
DA:171,1
DA:172,1
DA:173,1
DA:174,1
DA:175,1
DA:176,1
DA:177,1
DA:178,1
DA:179,1
DA:181,1
DA:182,1
DA:183,1
DA:184,1
DA:185,1
DA:186,1
DA:187,1
DA:188,1
DA:191,1
DA:192,1
DA:193,1
DA:194,1
DA:195,1
DA:196,1
DA:197,1
DA:198,1
DA:200,1
DA:201,1
DA:202,1
DA:203,1
DA:204,1
DA:205,1
DA:206,1
DA:208,1
DA:209,1
DA:210,1
DA:211,1
DA:212,1
DA:213,1
DA:214,1
DA:217,1
DA:218,1
DA:219,1
DA:220,1
DA:221,1
DA:222,1
DA:223,1
DA:224,1
DA:226,1
DA:227,1
DA:228,1
DA:229,1
DA:230,1
DA:231,1
DA:232,1
DA:234,1
DA:235,1
DA:236,1
DA:237,1
DA:238,1
DA:239,1
DA:240,1
DA:243,1
DA:244,1
DA:245,1
DA:246,2
DA:247,2
DA:249,1
DA:250,1
DA:251,1
DA:252,1
DA:254,1
DA:255,1
DA:256,1
DA:257,1
DA:260,1
DA:261,1
DA:262,1
DA:263,1
DA:264,1
DA:265,1
DA:267,1
DA:268,1
DA:269,1
DA:270,1
DA:271,1
DA:273,1
DA:274,1
DA:275,1
DA:276,1
DA:277,1
DA:278,1
DA:280,1
DA:281,1
DA:282,1
DA:283,1
DA:284,1
DA:286,1
DA:287,1
DA:288,1
DA:289,1
DA:290,1
DA:292,1
DA:293,1
DA:294,1
DA:295,1
DA:296,1
DA:299,1
DA:300,1
DA:301,1
DA:302,1
DA:304,1
DA:305,1
DA:306,1
DA:307,1
DA:308,1
DA:309,1
DA:311,1
DA:312,1
DA:313,1
DA:314,1
DA:315,1
DA:316,1
DA:318,1
DA:319,1
DA:320,1
DA:321,1
DA:322,1
DA:323,1
DA:325,1
DA:326,1
DA:327,1
DA:328,1
DA:329,1
DA:330,1
LF:271
LH:271
BRF:0
BRH:0
end_of_record
TN:
SF:/Users/lqez/Dev/summernote/test/base/module/Buttons.spec.js
FN:1,(anonymous_1)
FN:1,(anonymous_2)
FN:14,(anonymous_3)
FN:18,(anonymous_4)
FN:43,(anonymous_5)
FN:44,(anonymous_6)
FN:50,(anonymous_7)
FN:51,(anonymous_8)
FN:59,(anonymous_9)
FN:60,(anonymous_10)
FN:66,(anonymous_11)
FN:67,(anonymous_12)
FN:75,(anonymous_13)
FN:76,(anonymous_14)
FN:82,(anonymous_15)
FN:83,(anonymous_16)
FN:91,(anonymous_17)
FN:92,(anonymous_18)
FN:98,(anonymous_19)
FN:99,(anonymous_20)
FN:107,(anonymous_21)
FN:108,(anonymous_22)
FN:114,(anonymous_23)
FN:115,(anonymous_24)
FN:123,(anonymous_25)
FN:124,(anonymous_26)
FN:130,(anonymous_27)
FN:131,(anonymous_28)
FN:139,(anonymous_29)
FN:140,(anonymous_30)
FN:148,(anonymous_31)
FN:149,(anonymous_32)
FN:159,(anonymous_33)
FN:160,(anonymous_34)
FN:167,(anonymous_35)
FN:168,(anonymous_36)
FN:176,(anonymous_37)
FN:177,(anonymous_38)
FN:185,(anonymous_39)
FN:186,(anonymous_40)
FN:194,(anonymous_41)
FN:195,(anonymous_42)
FN:203,(anonymous_43)
FN:204,(anonymous_44)
FNF:44
FNH:44
FNDA:1,(anonymous_1)
FNDA:1,(anonymous_2)
FNDA:1,(anonymous_3)
FNDA:20,(anonymous_4)
FNDA:1,(anonymous_5)
FNDA:1,(anonymous_6)
FNDA:1,(anonymous_7)
FNDA:1,(anonymous_8)
FNDA:1,(anonymous_9)
FNDA:1,(anonymous_10)
FNDA:1,(anonymous_11)
FNDA:1,(anonymous_12)
FNDA:1,(anonymous_13)
FNDA:1,(anonymous_14)
FNDA:1,(anonymous_15)
FNDA:1,(anonymous_16)
[...]
BRDA:546,55,1,0
BRDA:558,56,0,0
BRDA:558,56,1,0
BRDA:558,57,0,0
BRDA:558,57,1,0
BRDA:562,58,0,0
BRDA:562,58,1,0
BRDA:588,59,0,0
BRDA:588,59,1,1
BRDA:592,60,0,1
BRDA:592,60,1,0
BRDA:614,61,0,0
BRDA:614,61,1,0
BRDA:614,62,0,0
BRDA:614,62,1,0
BRDA:633,63,0,0
BRDA:633,63,1,0
BRDA:648,64,0,0
BRDA:648,64,1,0
BRDA:655,65,0,0
BRDA:655,65,1,5
BRDA:657,66,0,2
BRDA:657,66,1,3
BRDA:657,67,0,5
BRDA:657,67,1,2
BRDA:659,68,0,1
BRDA:659,68,1,1
BRDA:662,69,0,2
BRDA:662,69,1,0
BRDA:662,70,0,2
BRDA:662,70,1,2
BRDA:663,71,0,2
BRDA:663,71,1,0
BRDA:664,72,0,2
BRDA:664,72,1,0
BRDA:677,73,0,1
BRDA:677,73,1,0
BRDA:682,74,0,1
BRDA:682,74,1,0
BRDA:684,75,0,1
BRDA:684,75,1,0
BRDA:684,76,0,1
BRDA:684,76,1,1
BRDA:700,77,0,0
BRDA:700,77,1,0
BRDA:726,78,0,2
BRDA:726,78,1,0
BRDA:729,79,0,2
BRDA:729,79,1,0
BRDA:737,80,0,0
BRDA:737,80,1,0
BRDA:737,81,0,0
BRDA:737,81,1,0
BRDA:745,82,0,0
BRDA:745,82,1,0
BRDA:745,83,0,0
BRDA:745,83,1,0
BRDA:753,84,0,0
BRDA:753,84,1,0
BRDA:753,85,0,0
BRDA:753,85,1,0
BRDA:761,86,0,0
BRDA:761,86,1,0
BRDA:761,87,0,0
BRDA:761,87,1,0
BRDA:769,88,0,0
BRDA:769,88,1,0
BRDA:769,89,0,0
BRDA:769,89,1,0
BRDA:782,90,0,0
BRDA:782,90,1,0
BRDA:786,91,0,0
BRDA:786,91,1,0
BRDA:787,92,0,0
BRDA:787,92,1,0
BRDA:810,93,0,65
BRDA:810,93,1,0
BRDA:819,94,0,1
BRDA:819,94,1,1
BRF:191
BRH:89
end_of_record
TN:
SF:/Users/lqez/Dev/summernote/src/js/lite/ui.js
FN:1,(anonymous_1)
FN:1,(anonymous_2)
FN:28,(anonymous_3)
FN:37,(anonymous_4)
FN:50,(anonymous_5)
FN:51,(anonymous_6)
FN:59,(anonymous_7)
FN:71,(anonymous_8)
FN:72,(anonymous_9)
FN:80,(anonymous_10)
FN:92,(anonymous_11)
FN:95,(anonymous_12)
FN:113,(anonymous_13)
FN:132,(anonymous_14)
FN:154,(anonymous_15)
FN:190,(anonymous_16)
FN:212,(anonymous_17)
FN:219,(anonymous_18)
FN:225,(anonymous_19)
FN:248,(anonymous_20)
FN:254,(anonymous_21)
FN:263,(anonymous_22)
FN:316,(anonymous_23)
FN:317,(anonymous_24)
FN:333,(anonymous_25)
FN:369,(anonymous_26)
FN:390,(anonymous_27)
FN:410,(anonymous_28)
FN:432,(anonymous_29)
FN:463,(anonymous_30)
FN:470,(anonymous_31)
FN:480,(anonymous_32)
FN:511,(anonymous_33)
FN:515,(anonymous_34)
FN:518,(anonymous_35)
FN:522,(anonymous_36)
FN:525,(anonymous_37)
FN:528,(anonymous_38)
FN:531,(anonymous_39)
FN:540,(anonymous_40)
FN:549,(anonymous_41)
FN:552,(anonymous_42)
FN:576,(anonymous_43)
FNF:43
FNH:1
FNDA:1,(anonymous_1)
FNDA:0,(anonymous_2)
FNDA:0,(anonymous_3)
FNDA:0,(anonymous_4)
FNDA:0,(anonymous_5)
FNDA:0,(anonymous_6)
FNDA:0,(anonymous_7)
FNDA:0,(anonymous_8)
FNDA:0,(anonymous_9)
FNDA:0,(anonymous_10)
FNDA:0,(anonymous_11)
FNDA:0,(anonymous_12)
FNDA:0,(anonymous_13)
FNDA:0,(anonymous_14)
FNDA:0,(anonymous_15)
FNDA:0,(anonymous_16)
FNDA:0,(anonymous_17)
FNDA:0,(anonymous_18)
FNDA:0,(anonymous_19)
FNDA:0,(anonymous_20)
FNDA:0,(anonymous_21)
FNDA:0,(anonymous_22)
FNDA:0,(anonymous_23)
FNDA:0,(anonymous_24)
FNDA:0,(anonymous_25)
FNDA:0,(anonymous_26)
FNDA:0,(anonymous_27)
FNDA:0,(anonymous_28)
FNDA:0,(anonymous_29)
FNDA:0,(anonymous_30)
FNDA:0,(anonymous_31)
FNDA:0,(anonymous_32)
FNDA:0,(anonymous_33)
FNDA:0,(anonymous_34)
FNDA:0,(anonymous_35)
FNDA:0,(anonymous_36)
FNDA:0,(anonymous_37)
FNDA:0,(anonymous_38)
FNDA:0,(anonymous_39)
FNDA:0,(anonymous_40)
FNDA:0,(anonymous_41)
FNDA:0,(anonymous_42)
FNDA:0,(anonymous_43)
DA:1,1
DA:2,0
DA:3,0
DA:4,0
DA:5,0
DA:6,0
DA:7,0
DA:8,0
DA:9,0
DA:10,0
DA:11,0
DA:12,0
DA:22,0
DA:23,0
DA:27,0
DA:28,0
DA:30,0
DA:31,0
DA:34,0
DA:38,0
DA:41,0
DA:42,0
DA:44,0
DA:45,0
DA:50,0
DA:51,0
DA:52,0
DA:53,0
DA:54,0
DA:55,0
DA:56,0
DA:58,0
DA:59,0
DA:60,0
DA:61,0
DA:62,0
DA:63,0
DA:64,0
DA:66,0
DA:67,0
DA:71,0
DA:72,0
DA:73,0
DA:74,0
DA:75,0
DA:76,0
DA:77,0
DA:79,0
DA:80,0
DA:81,0
DA:82,0
DA:83,0
DA:84,0
DA:85,0
DA:87,0
DA:88,0
DA:92,0
DA:93,0
DA:95,0
DA:96,0
DA:113,0
DA:114,0
DA:132,0
DA:133,0
DA:154,0
DA:155,0
DA:156,0
DA:157,0
DA:158,0
DA:159,0
DA:160,0
DA:161,0
DA:163,0
DA:164,0
DA:165,0
DA:171,0
DA:176,0
DA:180,0
DA:181,0
DA:182,0
DA:183,0
DA:185,0
DA:186,0
DA:188,0
DA:190,0
DA:191,0
DA:213,0
DA:214,0
DA:220,0
DA:225,0
DA:226,0
DA:227,0
DA:228,0
DA:229,0
DA:230,0
DA:231,0
DA:232,0
DA:233,0
DA:234,0
DA:235,0
DA:245,0
DA:247,0
DA:248,0
DA:249,0
DA:254,0
DA:255,0
DA:264,0
DA:265,0
DA:266,0
DA:267,0
DA:317,0
DA:318,0
DA:319,0
DA:324,0
DA:325,0
DA:326,0
DA:328,0
DA:329,0
DA:330,0
DA:334,0
DA:335,0
DA:336,0
DA:337,0
DA:338,0
DA:339,0
DA:340,0
DA:342,0
DA:343,0
DA:345,0
DA:346,0
DA:348,0
DA:349,0
DA:350,0
DA:351,0
DA:352,0
DA:353,0
DA:354,0
DA:355,0
DA:357,0
DA:358,0
DA:361,0
DA:369,0
DA:370,0
DA:371,0
DA:373,0
DA:376,0
DA:388,0
DA:390,0
DA:391,0
DA:398,0
DA:403,0
DA:410,0
DA:411,0
DA:420,0
DA:425,0
DA:432,0
DA:433,0
DA:445,0
DA:450,0
DA:458,0
DA:464,0
DA:465,0
DA:466,0
DA:467,0
DA:470,0
DA:471,0
DA:480,0
DA:481,0
DA:482,0
DA:484,0
DA:512,0
DA:513,0
DA:516,0
DA:519,0
DA:520,0
DA:523,0
DA:526,0
DA:529,0
DA:532,0
DA:541,0
DA:550,0
DA:553,0
DA:565,0
DA:566,0
DA:577,0
DA:578,0
DA:579,0
DA:580,0
DA:583,0
LF:189
LH:1
BRDA:30,1,0,0
BRDA:30,1,1,0
BRDA:30,2,0,0
BRDA:30,2,1,0
BRDA:41,3,0,0
BRDA:41,3,1,0
BRDA:44,4,0,0
BRDA:44,4,1,0
BRDA:44,5,0,0
BRDA:44,5,1,0
BRDA:44,5,2,0
BRDA:51,6,0,0
BRDA:51,6,1,0
BRDA:52,7,0,0
BRDA:52,7,1,0
BRDA:52,8,0,0
BRDA:52,8,1,0
BRDA:53,9,0,0
BRDA:53,9,1,0
BRDA:63,10,0,0
BRDA:63,10,1,0
BRDA:66,11,0,0
BRDA:66,11,1,0
BRDA:72,12,0,0
BRDA:72,12,1,0
BRDA:73,13,0,0
BRDA:73,13,1,0
BRDA:73,14,0,0
BRDA:73,14,1,0
BRDA:74,15,0,0
BRDA:74,15,1,0
BRDA:84,16,0,0
BRDA:84,16,1,0
BRDA:87,17,0,0
BRDA:87,17,1,0
BRDA:163,18,0,0
BRDA:163,18,1,0
BRDA:177,19,0,0
BRDA:177,19,1,0
BRDA:178,20,0,0
BRDA:178,20,1,0
BRDA:182,21,0,0
BRDA:182,21,1,0
BRDA:182,22,0,0
BRDA:182,22,1,0
BRDA:185,23,0,0
BRDA:185,23,1,0
BRDA:185,24,0,0
BRDA:185,24,1,0
BRDA:265,25,0,0
BRDA:265,25,1,0
BRDA:324,26,0,0
BRDA:324,26,1,0
BRDA:328,27,0,0
BRDA:328,27,1,0
BRDA:339,28,0,0
BRDA:339,28,1,0
BRDA:342,29,0,0
BRDA:342,29,1,0
BRDA:345,30,0,0
BRDA:345,30,1,0
BRDA:348,31,0,0
BRDA:348,31,1,0
BRDA:348,32,0,0
BRDA:348,32,1,0
BRDA:349,33,0,0
BRDA:349,33,1,0
BRDA:354,34,0,0
BRDA:354,34,1,0
BRDA:357,35,0,0
BRDA:357,35,1,0
BRDA:370,36,0,0
BRDA:370,36,1,0
BRDA:378,37,0,0
BRDA:378,37,1,0
BRDA:384,38,0,0
BRDA:384,38,1,0
BRDA:441,39,0,0
BRDA:441,39,1,0
BRDA:464,40,0,0
BRDA:464,40,1,0
BRDA:466,41,0,0
BRDA:466,41,1,0
BRDA:472,42,0,0
BRDA:472,42,1,0
BRDA:473,43,0,0
BRDA:473,43,1,0
BRDA:474,44,0,0
BRDA:474,44,1,0
BRDA:475,45,0,0
BRDA:475,45,1,0
BRDA:476,46,0,0
BRDA:476,46,1,0
BRDA:481,47,0,0
BRDA:481,47,1,0
BRDA:553,48,0,0
BRDA:553,48,1,0
BRF:97
BRH:0
end_of_record
TN:
SF:/Users/lqez/Dev/summernote/test/base/editing/Table.spec.js
FN:1,(anonymous_1)
FN:1,(anonymous_2)
FN:13,(anonymous_3)
FN:15,(anonymous_4)
FN:16,(anonymous_5)
FN:21,(anonymous_6)
FN:28,(anonymous_7)
FN:35,(anonymous_8)
FN:42,(anonymous_9)
FN:54,(anonymous_10)
FN:68,(anonymous_11)
FN:82,(anonymous_12)
FN:96,(anonymous_13)
FN:112,(anonymous_14)
FN:126,(anonymous_15)
FN:145,(anonymous_16)
FN:164,(anonymous_17)
FN:183,(anonymous_18)
FN:204,(anonymous_19)
FN:229,(anonymous_20)
FN:252,(anonymous_21)
FN:275,(anonymous_22)
FN:300,(anonymous_23)
FN:325,(anonymous_24)
FN:350,(anonymous_25)
FN:371,(anonymous_26)
FN:390,(anonymous_27)
FN:409,(anonymous_28)
FN:428,(anonymous_29)
FN:450,(anonymous_30)
FNF:30
FNH:30
FNDA:1,(anonymous_1)
FNDA:1,(anonymous_2)
FNDA:1,(anonymous_3)
FNDA:1,(anonymous_4)
FNDA:1,(anonymous_5)
FNDA:1,(anonymous_6)
FNDA:1,(anonymous_7)
FNDA:1,(anonymous_8)
FNDA:1,(anonymous_9)
FNDA:1,(anonymous_10)
FNDA:1,(anonymous_11)
FNDA:1,(anonymous_12)
FNDA:1,(anonymous_13)
FNDA:1,(anonymous_14)
FNDA:1,(anonymous_15)
FNDA:1,(anonymous_16)
FNDA:1,(anonymous_17)
FNDA:1,(anonymous_18)
FNDA:1,(anonymous_19)
FNDA:1,(anonymous_20)
FNDA:1,(anonymous_21)
FNDA:1,(anonymous_22)
FNDA:1,(anonymous_23)
FNDA:1,(anonymous_24)
FNDA:1,(anonymous_25)
FNDA:1,(anonymous_26)
FNDA:1,(anonymous_27)
FNDA:1,(anonymous_28)
FNDA:1,(anonymous_29)
FNDA:1,(anonymous_30)
DA:1,1
DA:2,1
DA:8,1
DA:9,1
DA:10,1
DA:11,1
DA:12,1
DA:13,1
DA:14,1
DA:15,1
DA:16,1
DA:17,1
DA:18,1
DA:19,1
DA:21,1
DA:22,1
DA:23,1
DA:24,1
DA:25,1
DA:26,1
DA:28,1
DA:29,1
DA:30,1
DA:31,1
DA:32,1
DA:33,1
DA:35,1
DA:36,1
DA:37,1
DA:38,1
DA:39,1
DA:40,1
DA:42,1
DA:43,1
DA:44,1
DA:45,1
DA:46,1
DA:47,1
DA:48,1
DA:49,1
DA:50,1
DA:51,1
DA:52,1
DA:54,1
DA:55,1
DA:56,1
DA:57,1
DA:58,1
DA:59,1
DA:60,1
DA:61,1
DA:62,1
DA:63,1
DA:64,1
DA:65,1
DA:66,1
DA:68,1
DA:69,1
DA:70,1
DA:71,1
DA:72,1
DA:73,1
DA:74,1
DA:75,1
DA:76,1
DA:77,1
DA:78,1
DA:79,1
DA:80,1
DA:82,1
DA:83,1
DA:84,1
DA:85,1
DA:86,1
DA:87,1
DA:88,1
DA:89,1
DA:90,1
DA:91,1
DA:92,1
DA:93,1
DA:94,1
DA:96,1
DA:97,1
DA:98,1
DA:99,1
DA:100,1
DA:101,1
DA:102,1
DA:103,1
DA:104,1
DA:105,1
DA:106,1
DA:107,1
DA:108,1
DA:109,1
DA:110,1
DA:112,1
DA:113,1
DA:114,1
DA:115,1
DA:116,1
DA:117,1
DA:118,1
DA:119,1
DA:120,1
DA:121,1
DA:122,1
DA:123,1
DA:124,1
DA:126,1
DA:127,1
DA:128,1
DA:129,1
DA:130,1
DA:131,1
DA:132,1
DA:133,1
DA:134,1
DA:135,1
DA:136,1
DA:137,1
DA:138,1
DA:139,1
DA:140,1
DA:141,1
DA:142,1
DA:143,1
DA:145,1
DA:146,1
DA:147,1
DA:148,1
DA:149,1
DA:150,1
DA:151,1
DA:152,1
DA:153,1
DA:154,1
DA:155,1
DA:156,1
DA:157,1
DA:158,1
DA:159,1
DA:160,1
DA:161,1
DA:162,1
DA:164,1
DA:165,1
DA:166,1
DA:167,1
DA:168,1
DA:169,1
DA:170,1
DA:171,1
DA:172,1
DA:173,1
DA:174,1
DA:175,1
DA:176,1
DA:177,1
DA:178,1
DA:179,1
DA:180,1
DA:181,1
DA:183,1
DA:184,1
DA:185,1
DA:186,1
DA:187,1
DA:188,1
DA:189,1
DA:190,1
DA:191,1
DA:192,1
DA:193,1
DA:194,1
DA:195,1
DA:196,1
DA:197,1
DA:198,1
DA:199,1
DA:200,1
DA:201,1
DA:202,1
DA:204,1
DA:205,1
DA:206,1
DA:207,1
DA:208,1
DA:209,1
DA:210,1
DA:211,1
DA:212,1
DA:213,1
DA:214,1
DA:215,1
DA:216,1
DA:217,1
DA:218,1
DA:219,1
DA:220,1
DA:221,1
DA:222,1
DA:223,1
DA:224,1
DA:225,1
DA:226,1
DA:227,1
DA:229,1
DA:230,1
DA:231,1
DA:232,1
DA:233,1
DA:234,1
DA:235,1
DA:236,1
DA:237,1
DA:238,1
DA:239,1
DA:240,1
DA:241,1
DA:242,1
DA:243,1
DA:244,1
DA:245,1
DA:246,1
DA:247,1
DA:248,1
DA:249,1
DA:250,1
DA:252,1
DA:253,1
DA:254,1
DA:255,1
DA:256,1
DA:257,1
DA:258,1
DA:259,1
DA:260,1
DA:261,1
DA:262,1
DA:263,1
DA:264,1
DA:265,1
DA:266,1
DA:267,1
DA:268,1
DA:269,1
DA:270,1
DA:271,1
DA:272,1
DA:273,1
DA:275,1
DA:276,1
DA:277,1
DA:278,1
DA:279,1
DA:280,1
DA:281,1
DA:282,1
DA:283,1
DA:284,1
DA:285,1
DA:286,1
DA:287,1
DA:288,1
DA:289,1
DA:290,1
DA:291,1
DA:292,1
DA:293,1
DA:294,1
DA:295,1
DA:296,1
DA:297,1
DA:298,1
DA:300,1
DA:301,1
DA:302,1
DA:303,1
DA:304,1
DA:305,1
DA:306,1
DA:307,1
DA:308,1
DA:309,1
DA:310,1
DA:311,1
DA:312,1
DA:313,1
DA:314,1
DA:315,1
DA:316,1
DA:317,1
DA:318,1
DA:319,1
DA:320,1
DA:321,1
DA:322,1
DA:323,1
DA:325,1
DA:326,1
DA:327,1
DA:328,1
DA:329,1
DA:330,1
DA:331,1
DA:332,1
DA:333,1
DA:334,1
DA:335,1
DA:336,1
DA:337,1
DA:338,1
DA:339,1
DA:340,1
DA:341,1
DA:342,1
DA:343,1
DA:344,1
DA:345,1
DA:346,1
DA:347,1
DA:348,1
DA:350,1
DA:351,1
DA:352,1
DA:353,1
DA:354,1
DA:355,1
DA:356,1
DA:357,1
DA:358,1
DA:359,1
DA:360,1
DA:361,1
DA:362,1
DA:363,1
DA:364,1
DA:365,1
DA:366,1
DA:367,1
DA:368,1
DA:369,1
DA:371,1
DA:372,1
DA:373,1
DA:374,1
DA:375,1
DA:376,1
DA:377,1
DA:378,1
DA:379,1
DA:380,1
DA:381,1
DA:382,1
DA:383,1
DA:384,1
DA:385,1
DA:386,1
DA:387,1
DA:388,1
DA:390,1
DA:391,1
DA:392,1
DA:393,1
DA:394,1
DA:395,1
DA:396,1
DA:397,1
DA:398,1
DA:399,1
DA:400,1
DA:401,1
DA:402,1
DA:403,1
DA:404,1
DA:405,1
DA:406,1
DA:407,1
DA:409,1
DA:410,1
DA:411,1
DA:412,1
DA:413,1
DA:414,1
DA:415,1
DA:416,1
DA:417,1
DA:418,1
DA:419,1
DA:420,1
DA:421,1
DA:422,1
DA:423,1
DA:424,1
DA:425,1
DA:426,1
DA:428,1
DA:429,1
DA:430,1
DA:431,1
DA:432,1
DA:433,1
DA:434,1
DA:435,1
DA:436,1
DA:437,1
DA:438,1
DA:439,1
DA:440,1
DA:441,1
DA:442,1
DA:443,1
DA:444,1
DA:445,1
DA:446,1
DA:447,1
DA:448,1
DA:450,1
DA:451,1
DA:452,1
DA:453,1
DA:454,1
DA:455,1
DA:456,1
DA:457,1
DA:458,1
DA:459,1
DA:460,1
DA:461,1
DA:462,1
DA:463,1
DA:464,1
DA:465,1
DA:466,1
DA:467,1
LF:437
LH:437
BRF:0
BRH:0
end_of_record
TN:
SF:/Users/lqez/Dev/summernote/src/js/base/module/Buttons.js
FN:1,(anonymous_1)
FN:1,(anonymous_2)
FN:7,(anonymous_3)
FN:8,Buttons
FN:16,(anonymous_5)
FN:30,(anonymous_6)
FN:37,(anonymous_7)
FN:44,(anonymous_8)
FN:47,(anonymous_9)
FN:54,(anonymous_10)
FN:59,(anonymous_11)
FN:68,(anonymous_12)
FN:87,(anonymous_13)
FN:146,(anonymous_14)
FN:147,(anonymous_15)
FN:161,(anonymous_16)
FN:171,(anonymous_17)
FN:172,(anonymous_18)
FN:183,(anonymous_19)
FN:216,(anonymous_20)
FN:218,(anonymous_21)
FN:232,(anonymous_22)
FN:246,(anonymous_23)
FN:248,(anonymous_24)
FN:261,(anonymous_25)
FN:269,(anonymous_26)
FN:277,(anonymous_27)
FN:285,(anonymous_28)
FN:292,(anonymous_29)
FN:300,(anonymous_30)
FN:308,(anonymous_31)
FN:316,(anonymous_32)
FN:319,(anonymous_33)
FN:341,(anonymous_34)
FN:348,(anonymous_35)
FN:367,(anonymous_36)
FN:370,(anonymous_37)
FN:373,(anonymous_38)
FN:376,(anonymous_39)
FN:383,(anonymous_40)
FN:426,(anonymous_41)
FN:448,(anonymous_42)
FN:467,(anonymous_43)
FN:490,(anonymous_44)
FN:500,(anonymous_45)
FN:507,(anonymous_46)
FN:514,(anonymous_47)
FN:521,(anonymous_48)
FN:528,(anonymous_49)
FN:536,(anonymous_50)
FN:544,(anonymous_51)
FN:551,(anonymous_52)
FN:558,(anonymous_53)
FN:573,(anonymous_54)
FN:576,(anonymous_55)
FN:583,(anonymous_56)
FN:590,(anonymous_57)
FN:597,(anonymous_58)
FN:605,(anonymous_59)
FN:612,(anonymous_60)
FN:619,(anonymous_61)
FN:627,(anonymous_62)
FN:635,(anonymous_63)
FN:637,(anonymous_64)
FN:644,(anonymous_65)
FN:658,(anonymous_66)
FN:660,(anonymous_67)
FN:668,(anonymous_68)
FN:676,(anonymous_69)
FN:684,(anonymous_70)
FN:692,(anonymous_71)
FN:700,(anonymous_72)
FN:708,(anonymous_73)
FN:717,(anonymous_74)
FN:737,(anonymous_75)
FN:742,(anonymous_76)
FN:745,(anonymous_77)
FN:748,(anonymous_78)
FN:751,(anonymous_79)
FN:754,(anonymous_80)
FN:757,(anonymous_81)
FN:762,(anonymous_82)
FN:768,(anonymous_83)
FN:778,(anonymous_84)
FN:788,(anonymous_85)
FN:795,(anonymous_86)
FN:797,(anonymous_87)
FN:801,(anonymous_88)
FNF:88
FNH:80
FNDA:1,(anonymous_1)
FNDA:1,(anonymous_2)
FNDA:1,(anonymous_3)
FNDA:97,Buttons
FNDA:1188,(anonymous_5)
FNDA:4080,(anonymous_6)
FNDA:97,(anonymous_7)
FNDA:2,(anonymous_8)
FNDA:1162,(anonymous_9)
FNDA:87,(anonymous_10)
FNDA:167,(anonymous_11)
FNDA:1,(anonymous_12)
FNDA:167,(anonymous_13)
FNDA:167,(anonymous_14)
FNDA:254,(anonymous_15)
FNDA:254,(anonymous_16)
FNDA:254,(anonymous_17)
FNDA:0,(anonymous_18)
FNDA:4,(anonymous_19)
FNDA:97,(anonymous_20)
FNDA:87,(anonymous_21)
FNDA:783,(anonymous_22)
FNDA:873,(anonymous_23)
FNDA:0,(anonymous_24)
FNDA:87,(anonymous_25)
FNDA:40,(anonymous_26)
FNDA:87,(anonymous_27)
FNDA:87,(anonymous_28)
FNDA:40,(anonymous_29)
FNDA:40,(anonymous_30)
FNDA:40,(anonymous_31)
FNDA:87,(anonymous_32)
FNDA:87,(anonymous_33)
FNDA:1038,(anonymous_34)
FNDA:40,(anonymous_35)
FNDA:87,(anonymous_36)
FNDA:40,(anonymous_37)
FNDA:40,(anonymous_38)
FNDA:87,(anonymous_39)
FNDA:87,(anonymous_40)
FNDA:87,(anonymous_41)
FNDA:0,(anonymous_42)
FNDA:87,(anonymous_43)
FNDA:87,(anonymous_44)
FNDA:91,(anonymous_45)
FNDA:87,(anonymous_46)
FNDA:93,(anonymous_47)
FNDA:0,(anonymous_48)
FNDA:87,(anonymous_49)
FNDA:87,(anonymous_50)
FNDA:0,(anonymous_51)
FNDA:0,(anonymous_52)
FNDA:87,(anonymous_53)
FNDA:97,(anonymous_54)
FNDA:97,(anonymous_55)
FNDA:97,(anonymous_56)
FNDA:97,(anonymous_57)
FNDA:97,(anonymous_58)
FNDA:97,(anonymous_59)
FNDA:97,(anonymous_60)
FNDA:97,(anonymous_61)
FNDA:97,(anonymous_62)
FNDA:97,(anonymous_63)
FNDA:97,(anonymous_64)
FNDA:97,(anonymous_65)
FNDA:97,(anonymous_66)
FNDA:97,(anonymous_67)
FNDA:97,(anonymous_68)
FNDA:97,(anonymous_69)
FNDA:97,(anonymous_70)
FNDA:97,(anonymous_71)
FNDA:97,(anonymous_72)
FNDA:97,(anonymous_73)
FNDA:388,(anonymous_74)
FNDA:175,(anonymous_75)
FNDA:175,(anonymous_76)
FNDA:175,(anonymous_77)
FNDA:175,(anonymous_78)
FNDA:175,(anonymous_79)
FNDA:175,(anonymous_80)
FNDA:175,(anonymous_81)
FNDA:81,(anonymous_82)
FNDA:876,(anonymous_83)
FNDA:549,(anonymous_84)
FNDA:0,(anonymous_85)
FNDA:175,(anonymous_86)
FNDA:1050,(anonymous_87)
FNDA:0,(anonymous_88)
DA:1,1
DA:2,1
DA:3,1
DA:4,1
DA:5,1
DA:6,1
DA:7,1
DA:8,2
DA:9,97
DA:10,97
DA:11,97
DA:12,97
DA:13,97
DA:14,97
DA:16,1
DA:17,1188
DA:18,1188
DA:19,0
DA:21,1188
DA:22,1188
DA:24,1188
DA:28,1188
DA:30,1
DA:31,4080
DA:32,0
DA:34,4080
DA:35,4080
DA:37,1
DA:38,97
DA:39,97
DA:40,97
DA:41,97
DA:42,97
DA:44,1
DA:45,2
DA:47,1
DA:48,1162
DA:49,1089
DA:52,1162
DA:54,1
DA:55,87
DA:56,87
DA:57,87
DA:59,1
DA:60,167
DA:61,167
DA:69,1
DA:70,1
DA:71,1
DA:76,0
DA:77,0
DA:81,0
DA:82,0
DA:88,167
DA:89,167
DA:90,127
DA:91,127
DA:93,167
DA:94,127
DA:95,127
DA:98,40
DA:147,167
DA:148,254
DA:149,254
DA:158,167
DA:161,167
DA:162,254
DA:163,254
DA:171,167
DA:172,254
DA:173,0
DA:174,0
DA:175,0
DA:179,0
DA:184,4
DA:185,4
DA:186,4
DA:187,4
DA:188,4
DA:189,4
DA:190,0
DA:191,0
DA:193,0
DA:195,0
DA:196,0
DA:200,0
DA:201,0
DA:203,4
DA:204,4
DA:205,4
DA:206,4
DA:207,4
DA:208,4
DA:209,4
DA:216,1
DA:217,97
DA:218,97
DA:219,87
DA:233,783
DA:234,696
DA:236,783
DA:237,783
DA:238,783
DA:239,783
DA:240,783
DA:246,97
DA:247,873
DA:248,873
DA:249,0
DA:257,97
DA:258,97
DA:259,873
DA:261,97
DA:262,87
DA:269,97
DA:270,40
DA:277,97
DA:278,87
DA:285,97
DA:286,87
DA:292,97
DA:293,40
DA:300,97
DA:301,40
DA:308,97
DA:309,40
DA:316,97
DA:317,87
DA:319,87
DA:320,87
DA:321,87
DA:322,43
DA:323,1
DA:327,87
DA:342,1038
DA:348,97
DA:349,40
DA:367,97
DA:368,87
DA:370,97
DA:371,40
DA:373,97
DA:374,40
DA:376,97
DA:377,87
DA:383,97
DA:384,87
DA:390,97
DA:395,97
DA:400,97
DA:405,97
DA:410,97
DA:415,97
DA:420,97
DA:421,97
DA:422,97
DA:423,97
DA:424,97
DA:425,97
DA:426,97
DA:427,87
DA:448,97
DA:449,0
DA:467,97
DA:468,87
DA:491,87
DA:492,87
DA:500,97
DA:501,91
DA:507,97
DA:508,87
DA:514,97
DA:515,93
DA:521,97
DA:522,0
DA:528,97
DA:529,87
DA:536,97
DA:537,87
DA:544,97
DA:545,0
DA:551,97
DA:552,0
DA:558,97
DA:559,87
DA:573,1
DA:574,97
DA:576,97
DA:577,97
DA:583,97
DA:584,97
DA:590,97
DA:591,97
DA:597,97
DA:598,97
DA:605,97
DA:606,97
DA:612,97
DA:613,97
DA:619,97
DA:620,97
DA:627,97
DA:628,97
DA:635,1
DA:636,97
DA:637,97
DA:638,97
DA:644,97
DA:645,97
DA:658,1
DA:659,97
DA:660,97
DA:661,97
DA:668,97
DA:669,97
DA:676,97
DA:677,97
DA:684,97
DA:685,97
DA:692,97
DA:693,97
DA:700,97
DA:701,97
DA:708,97
DA:709,97
DA:717,1
DA:718,388
DA:719,1288
DA:720,1288
DA:721,1288
DA:722,1288
DA:725,1288
DA:726,3331
DA:727,3331
DA:728,3331
DA:731,1288
DA:737,1
DA:738,175
DA:739,175
DA:740,175
DA:741,175
DA:743,175
DA:746,175
DA:749,175
DA:752,175
DA:755,175
DA:758,175
DA:761,175
DA:762,81
DA:763,81
DA:767,81
DA:768,81
DA:769,876
DA:771,876
DA:772,876
DA:774,81
DA:776,175
DA:777,81
DA:778,81
DA:779,549
DA:781,549
DA:782,549
DA:784,81
DA:786,175
DA:787,81
DA:788,81
DA:790,0
DA:791,0
DA:795,1
DA:796,175
DA:797,175
DA:798,1050
DA:801,1
DA:802,0
DA:803,0
DA:804,0
DA:805,0
DA:806,0
DA:807,0
DA:808,0
DA:810,0
DA:811,0
DA:812,0
DA:818,0
DA:823,0
DA:827,0
DA:828,0
DA:829,0
DA:830,0
DA:832,0
DA:833,0
DA:835,0
DA:837,1
DA:839,1
LF:294
LH:251
BRDA:14,1,0,97
BRDA:14,1,1,0
BRDA:18,2,0,0
BRDA:18,2,1,1188
BRDA:18,3,0,1188
BRDA:18,3,1,1188
BRDA:21,4,0,1188
BRDA:21,4,1,0
BRDA:31,5,0,0
BRDA:31,5,1,4080
BRDA:31,6,0,4080
BRDA:31,6,1,0
BRDA:48,7,0,1089
BRDA:48,7,1,73
BRDA:49,8,0,1089
BRDA:49,8,1,0
BRDA:57,9,0,87
BRDA:57,9,1,43
BRDA:57,9,2,43
BRDA:70,10,0,1
BRDA:70,10,1,0
BRDA:70,11,0,1
BRDA:70,11,1,1
BRDA:76,12,0,0
BRDA:76,12,1,0
BRDA:81,13,0,0
BRDA:81,13,1,0
BRDA:89,14,0,127
BRDA:89,14,1,40
BRDA:93,15,0,127
BRDA:93,15,1,40
BRDA:111,16,0,127
BRDA:111,16,1,40
BRDA:129,17,0,127
BRDA:129,17,1,40
BRDA:189,18,0,0
BRDA:189,18,1,4
BRDA:203,19,0,4
BRDA:203,19,1,0
BRDA:204,20,0,2
BRDA:204,20,1,2
BRDA:233,21,0,696
BRDA:233,21,1,87
BRDA:234,22,0,696
BRDA:234,22,1,0
BRDA:238,23,0,0
BRDA:238,23,1,783
BRDA:239,24,0,87
BRDA:239,24,1,696
BRDA:321,25,0,43
BRDA:321,25,1,44
BRDA:322,26,0,1
BRDA:322,26,1,42
BRDA:720,27,0,1288
BRDA:720,27,1,0
BRDA:721,28,0,1288
BRDA:721,28,1,0
BRDA:721,29,0,0
BRDA:721,29,1,1288
BRDA:727,30,0,3331
BRDA:727,30,1,0
BRDA:728,31,0,3331
BRDA:728,31,1,0
BRDA:739,32,0,175
BRDA:739,32,1,175
BRDA:761,33,0,81
BRDA:761,33,1,94
BRDA:776,34,0,81
BRDA:776,34,1,94
BRDA:786,35,0,81
BRDA:786,35,1,94
BRDA:791,36,0,0
BRDA:791,36,1,0
BRDA:810,37,0,0
BRDA:810,37,1,0
BRDA:824,38,0,0
BRDA:824,38,1,0
BRDA:825,39,0,0
BRDA:825,39,1,0
BRDA:829,40,0,0
BRDA:829,40,1,0
BRDA:829,41,0,0
BRDA:829,41,1,0
BRDA:832,42,0,0
BRDA:832,42,1,0
BRDA:832,43,0,0
BRDA:832,43,1,0
BRF:87
BRH:51
end_of_record
